Using pre-set license
Built from '2020.3/staging' branch; Version is '2020.3.0f1 (c7b5465681fb) revision 13088070'; Using compiler version '192528614'; Build Type 'Release'
OS: 'Windows 10 Home; OS build 19043.906; Version 2009; 64bit' Language: 'en' Physical Memory: 16335 MB
BatchMode: 1, IsHumanControllingUs: 0, StartBugReporterOnCrash: 0, Is64bit: 1, IsPro: 0

 COMMAND LINE ARGUMENTS:
C:\Program Files\Unity\Hub\Editor\2020.3.0f1\Editor\Unity.exe
-adb2
-batchMode
-noUpm
-name
AssetImportWorker0
-projectPath
D:/School Work/UCF Spring 2021/Game Optimization and Performance/Adventures-of-a-Loser/OptimizationSwapMiniProject
-logFile
Logs/AssetImportWorker0.log
-srvPort
1100
Successfully changed project path to: D:/School Work/UCF Spring 2021/Game Optimization and Performance/Adventures-of-a-Loser/OptimizationSwapMiniProject
D:/School Work/UCF Spring 2021/Game Optimization and Performance/Adventures-of-a-Loser/OptimizationSwapMiniProject
Using Asset Import Pipeline V2.
Refreshing native plugins compatible for Editor in 49.43 ms, found 1 plugins.
Preloading 0 native plugins for Editor in 0.00 ms.
Initialize engine version: 2020.3.0f1 (c7b5465681fb)
[Subsystems] Discovering subsystems at path C:/Program Files/Unity/Hub/Editor/2020.3.0f1/Editor/Data/Resources/UnitySubsystems
[Subsystems] Discovering subsystems at path D:/School Work/UCF Spring 2021/Game Optimization and Performance/Adventures-of-a-Loser/OptimizationSwapMiniProject/Assets
GfxDevice: creating device client; threaded=0
Direct3D:
    Version:  Direct3D 11.0 [level 11.1]
    Renderer: NVIDIA GeForce GTX 1070 (ID=0x1be1)
    Vendor:   
    VRAM:     8081 MB
    Driver:   27.21.14.6192
Initialize mono
Mono path[0] = 'C:/Program Files/Unity/Hub/Editor/2020.3.0f1/Editor/Data/Managed'
Mono path[1] = 'C:/Program Files/Unity/Hub/Editor/2020.3.0f1/Editor/Data/MonoBleedingEdge/lib/mono/unityjit'
Mono config path = 'C:/Program Files/Unity/Hub/Editor/2020.3.0f1/Editor/Data/MonoBleedingEdge/etc'
Using monoOptions --debugger-agent=transport=dt_socket,embedding=1,server=y,suspend=n,address=127.0.0.1:56704
Begin MonoManager ReloadAssembly
Registering precompiled unity dll's ...
Register platform support module: C:/Program Files/Unity/Hub/Editor/2020.3.0f1/Editor/Data/PlaybackEngines/WindowsStandaloneSupport/UnityEditor.WindowsStandalone.Extensions.dll
Registered in 0.013863 seconds.
Native extension for WindowsStandalone target not found
Refreshing native plugins compatible for Editor in 67.16 ms, found 1 plugins.
Preloading 0 native plugins for Editor in 0.00 ms.
Invoked RoslynAnalysisRunner static constructor.
RoslynAnalysisRunner will not be running.
RoslynAnalysisRunner has terminated.
Mono: successfully reloaded assembly
- Completed reload, in  2.605 seconds
Platform modules already initialized, skipping
Registering precompiled user dll's ...
Registered in 0.001789 seconds.
Begin MonoManager ReloadAssembly
Native extension for WindowsStandalone target not found
Refreshing native plugins compatible for Editor in 49.84 ms, found 1 plugins.
Preloading 0 native plugins for Editor in 0.00 ms.
Invoked RoslynAnalysisRunner static constructor.
RoslynAnalysisRunner will not be running.
RoslynAnalysisRunner has terminated.
Mono: successfully reloaded assembly
- Completed reload, in  1.810 seconds
Platform modules already initialized, skipping
========================================================================
Worker process is ready to serve import requests
Launched and connected shader compiler UnityShaderCompiler.exe after 0.07 seconds
Refreshing native plugins compatible for Editor in 0.48 ms, found 1 plugins.
Preloading 0 native plugins for Editor in 0.00 ms.
Unloading 1959 Unused Serialized files (Serialized files now loaded: 0)
System memory in use before: 90.9 MB.
System memory in use after: 90.9 MB.

Unloading 24 unused Assets to reduce memory usage. Loaded Objects now: 2405.
Total: 2.475800 ms (FindLiveObjects: 0.207700 ms CreateObjectMapping: 0.094600 ms MarkObjects: 2.038700 ms  DeleteObjects: 0.133500 ms)

========================================================================
Received Import Request.
  path: Assets/Animations/Gates/Gate_Animator.controller
  artifactKey: Guid(6281fa066d61ebe4aa9055fa7981cad4) Importer(815301076,1909f56bfc062723c751e8b465ee728b)
Start importing Assets/Animations/Gates/Gate_Animator.controller using Guid(6281fa066d61ebe4aa9055fa7981cad4) Importer(815301076,1909f56bfc062723c751e8b465ee728b)  -> (artifact id: '0cfc253478a5b16729411af50da3630a') in 0.105563 seconds
  Import took 0.110801 seconds .

========================================================================
Received Import Request.
  Time since last request: 0.000386 seconds.
  path: Assets/Animations/Gates/Locked_Gate.anim
  artifactKey: Guid(c87d1c6b2e49c4746879f5e6e4aa50c2) Importer(815301076,1909f56bfc062723c751e8b465ee728b)
Start importing Assets/Animations/Gates/Locked_Gate.anim using Guid(c87d1c6b2e49c4746879f5e6e4aa50c2) Importer(815301076,1909f56bfc062723c751e8b465ee728b)  -> (artifact id: '4e9651e9bda03e5b37de12e7aaa3b127') in 0.014574 seconds
  Import took 0.018773 seconds .

========================================================================
Received Prepare
Refreshing native plugins compatible for Editor in 3.69 ms, found 1 plugins.
Preloading 0 native plugins for Editor in 0.00 ms.
Unloading 10 Unused Serialized files (Serialized files now loaded: 0)
System memory in use before: 51.5 MB.
System memory in use after: 51.5 MB.

Unloading 10 unused Assets to reduce memory usage. Loaded Objects now: 2405.
Total: 3.660300 ms (FindLiveObjects: 0.490300 ms CreateObjectMapping: 0.321900 ms MarkObjects: 2.660900 ms  DeleteObjects: 0.185000 ms)

========================================================================
Received Prepare
Registering precompiled user dll's ...
Registered in 0.002453 seconds.
Begin MonoManager ReloadAssembly
Native extension for WindowsStandalone target not found
Refreshing native plugins compatible for Editor in 0.39 ms, found 1 plugins.
Preloading 0 native plugins for Editor in 0.00 ms.
Invoked RoslynAnalysisRunner static constructor.
RoslynAnalysisRunner will not be running.
RoslynAnalysisRunner has terminated.
Mono: successfully reloaded assembly
- Completed reload, in  1.570 seconds
Platform modules already initialized, skipping
Refreshing native plugins compatible for Editor in 0.60 ms, found 1 plugins.
Preloading 0 native plugins for Editor in 0.00 ms.
Unloading 1952 Unused Serialized files (Serialized files now loaded: 0)
System memory in use before: 91.0 MB.
System memory in use after: 90.9 MB.

Unloading 13 unused Assets to reduce memory usage. Loaded Objects now: 2409.
Total: 2.750500 ms (FindLiveObjects: 0.172600 ms CreateObjectMapping: 0.059600 ms MarkObjects: 2.374200 ms  DeleteObjects: 0.142400 ms)

========================================================================
Received Prepare
Registering precompiled user dll's ...
Registered in 0.002158 seconds.
Begin MonoManager ReloadAssembly
Native extension for WindowsStandalone target not found
Refreshing native plugins compatible for Editor in 0.70 ms, found 1 plugins.
Preloading 0 native plugins for Editor in 0.00 ms.
Invoked RoslynAnalysisRunner static constructor.
RoslynAnalysisRunner will not be running.
RoslynAnalysisRunner has terminated.
Mono: successfully reloaded assembly
- Completed reload, in  1.527 seconds
Platform modules already initialized, skipping
Refreshing native plugins compatible for Editor in 0.39 ms, found 1 plugins.
Preloading 0 native plugins for Editor in 0.00 ms.
Unloading 1952 Unused Serialized files (Serialized files now loaded: 0)
System memory in use before: 91.0 MB.
System memory in use after: 91.0 MB.

Unloading 13 unused Assets to reduce memory usage. Loaded Objects now: 2413.
Total: 2.782900 ms (FindLiveObjects: 0.243700 ms CreateObjectMapping: 0.084900 ms MarkObjects: 2.319800 ms  DeleteObjects: 0.133100 ms)

========================================================================
Received Prepare
Registering precompiled user dll's ...
Registered in 0.002797 seconds.
Begin MonoManager ReloadAssembly
Native extension for WindowsStandalone target not found
Refreshing native plugins compatible for Editor in 0.53 ms, found 1 plugins.
Preloading 0 native plugins for Editor in 0.00 ms.
Invoked RoslynAnalysisRunner static constructor.
RoslynAnalysisRunner will not be running.
RoslynAnalysisRunner has terminated.
Mono: successfully reloaded assembly
- Completed reload, in  1.534 seconds
Platform modules already initialized, skipping
Refreshing native plugins compatible for Editor in 0.44 ms, found 1 plugins.
Preloading 0 native plugins for Editor in 0.00 ms.
Unloading 1952 Unused Serialized files (Serialized files now loaded: 0)
System memory in use before: 91.0 MB.
System memory in use after: 91.0 MB.

Unloading 13 unused Assets to reduce memory usage. Loaded Objects now: 2417.
Total: 2.651900 ms (FindLiveObjects: 0.325900 ms CreateObjectMapping: 0.121200 ms MarkObjects: 2.055500 ms  DeleteObjects: 0.147800 ms)

========================================================================
Received Prepare
Registering precompiled user dll's ...
Registered in 0.002607 seconds.
Begin MonoManager ReloadAssembly
Native extension for WindowsStandalone target not found
Refreshing native plugins compatible for Editor in 0.52 ms, found 1 plugins.
Preloading 0 native plugins for Editor in 0.00 ms.
Invoked RoslynAnalysisRunner static constructor.
RoslynAnalysisRunner will not be running.
RoslynAnalysisRunner has terminated.
Mono: successfully reloaded assembly
- Completed reload, in  1.496 seconds
Platform modules already initialized, skipping
Refreshing native plugins compatible for Editor in 0.41 ms, found 1 plugins.
Preloading 0 native plugins for Editor in 0.00 ms.
Unloading 1952 Unused Serialized files (Serialized files now loaded: 0)
System memory in use before: 91.0 MB.
System memory in use after: 91.0 MB.

Unloading 13 unused Assets to reduce memory usage. Loaded Objects now: 2421.
Total: 2.609900 ms (FindLiveObjects: 0.191200 ms CreateObjectMapping: 0.086300 ms MarkObjects: 2.186600 ms  DeleteObjects: 0.144800 ms)

========================================================================
Received Import Request.
  Time since last request: 535.155372 seconds.
  path: Assets/Sprites/Player/adventurer-attack3-05.png
  artifactKey: Guid(89730125432c75f41ac6c3e72248d983) Importer(815301076,1909f56bfc062723c751e8b465ee728b)
Start importing Assets/Sprites/Player/adventurer-attack3-05.png using Guid(89730125432c75f41ac6c3e72248d983) Importer(815301076,1909f56bfc062723c751e8b465ee728b)  -> (artifact id: '448b7b301e5dcd27bae365d876719955') in 0.361226 seconds
  Import took 0.367506 seconds .

========================================================================
Received Import Request.
  Time since last request: 0.000260 seconds.
  path: Assets/Sprites/Player/adventurer-crnr-clmb-02.png
  artifactKey: Guid(98cf69e3d9126ff40b6c780cf7a17d16) Importer(815301076,1909f56bfc062723c751e8b465ee728b)
Start importing Assets/Sprites/Player/adventurer-crnr-clmb-02.png using Guid(98cf69e3d9126ff40b6c780cf7a17d16) Importer(815301076,1909f56bfc062723c751e8b465ee728b)  -> (artifact id: '060b84c9eec27980285261d37ea89bb6') in 0.049168 seconds
  Import took 0.062185 seconds .

========================================================================
Received Import Request.
  Time since last request: 0.000231 seconds.
  path: Assets/Sprites/Player/adventurer-ladder-climb-03.png
  artifactKey: Guid(b69dda059162773458946c10cbe458a5) Importer(815301076,1909f56bfc062723c751e8b465ee728b)
Start importing Assets/Sprites/Player/adventurer-ladder-climb-03.png using Guid(b69dda059162773458946c10cbe458a5) Importer(815301076,1909f56bfc062723c751e8b465ee728b)  -> (artifact id: 'aefdb357780849f683dd32864dfef78d') in 0.063269 seconds
  Import took 0.067278 seconds .

========================================================================
Received Import Request.
  Time since last request: 0.000566 seconds.
  path: Assets/Sprites/Player/adventurer-items-02.png
  artifactKey: Guid(3be5ccdbd81424d428e2b44c40d805ba) Importer(815301076,1909f56bfc062723c751e8b465ee728b)
Start importing Assets/Sprites/Player/adventurer-items-02.png using Guid(3be5ccdbd81424d428e2b44c40d805ba) Importer(815301076,1909f56bfc062723c751e8b465ee728b)  -> (artifact id: 'ab3b846ea9f98841607ec3b68bce0e3e') in 0.056218 seconds
  Import took 0.060990 seconds .

========================================================================
Received Import Request.
  Time since last request: 0.000209 seconds.
  path: Assets/Sprites/Player/adventurer-die-06.png
  artifactKey: Guid(83ea41f0ce6232c499b14bafc135fc6d) Importer(815301076,1909f56bfc062723c751e8b465ee728b)
Start importing Assets/Sprites/Player/adventurer-die-06.png using Guid(83ea41f0ce6232c499b14bafc135fc6d) Importer(815301076,1909f56bfc062723c751e8b465ee728b)  -> (artifact id: '83ea102faa81769858a475631cb94e10') in 0.060314 seconds
  Import took 0.076283 seconds .

========================================================================
Received Import Request.
  Time since last request: 0.000257 seconds.
  path: Assets/Sprites/Player/adventurer-hurt-02.png
  artifactKey: Guid(deb74dd265daf3748ada978248f275df) Importer(815301076,1909f56bfc062723c751e8b465ee728b)
Start importing Assets/Sprites/Player/adventurer-hurt-02.png using Guid(deb74dd265daf3748ada978248f275df) Importer(815301076,1909f56bfc062723c751e8b465ee728b)  -> (artifact id: 'a0edd644fde916db750cac987f86366f') in 0.046488 seconds
  Import took 0.050292 seconds .

========================================================================
Received Import Request.
  Time since last request: 0.000329 seconds.
  path: Assets/Sprites/Player/adventurer-items-00.png
  artifactKey: Guid(3b75bb9361de0844a80ac981049c97f9) Importer(815301076,1909f56bfc062723c751e8b465ee728b)
Start importing Assets/Sprites/Player/adventurer-items-00.png using Guid(3b75bb9361de0844a80ac981049c97f9) Importer(815301076,1909f56bfc062723c751e8b465ee728b)  -> (artifact id: 'af8ec072cc26ba64460e9c19199de63c') in 0.067641 seconds
  Import took 0.072443 seconds .

========================================================================
Received Import Request.
  Time since last request: 0.000271 seconds.
  path: Assets/Sprites/Player/adventurer-crnr-grb-00.png
  artifactKey: Guid(f4480801cf901ae45b9f2c76fa81e0a3) Importer(815301076,1909f56bfc062723c751e8b465ee728b)
Start importing Assets/Sprites/Player/adventurer-crnr-grb-00.png using Guid(f4480801cf901ae45b9f2c76fa81e0a3) Importer(815301076,1909f56bfc062723c751e8b465ee728b)  -> (artifact id: 'ba7ff388140ff89048e980400514815c') in 0.064186 seconds
  Import took 0.068420 seconds .

========================================================================
Received Import Request.
  Time since last request: 0.000337 seconds.
  path: Assets/Sprites/Player/adventurer-crnr-grb-03.png
  artifactKey: Guid(4a53004c13d932d4aaa349f505a29afd) Importer(815301076,1909f56bfc062723c751e8b465ee728b)
Start importing Assets/Sprites/Player/adventurer-crnr-grb-03.png using Guid(4a53004c13d932d4aaa349f505a29afd) Importer(815301076,1909f56bfc062723c751e8b465ee728b)  -> (artifact id: 'e63237be9eef36d297b0d45a554cc693') in 0.054597 seconds
  Import took 0.058432 seconds .

========================================================================
Received Import Request.
  Time since last request: 0.000273 seconds.
  path: Assets/Sprites/Player/adventurer-hurt-00.png
  artifactKey: Guid(fd95be559d8efc14f8754b0cda9dfe57) Importer(815301076,1909f56bfc062723c751e8b465ee728b)
Start importing Assets/Sprites/Player/adventurer-hurt-00.png using Guid(fd95be559d8efc14f8754b0cda9dfe57) Importer(815301076,1909f56bfc062723c751e8b465ee728b)  -> (artifact id: 'ad2baae7b4ade99dd0cef3524c34e408') in 0.062407 seconds
  Import took 0.067297 seconds .

========================================================================
Received Import Request.
  Time since last request: 0.000373 seconds.
  path: Assets/Sprites/Player/adventurer-items-01.png
  artifactKey: Guid(b1f8c11ae24c8ae48b7cefb679afb9d9) Importer(815301076,1909f56bfc062723c751e8b465ee728b)
Start importing Assets/Sprites/Player/adventurer-items-01.png using Guid(b1f8c11ae24c8ae48b7cefb679afb9d9) Importer(815301076,1909f56bfc062723c751e8b465ee728b)  -> (artifact id: '656432fd4317dc66cae84a7fa3f59f37') in 0.056402 seconds
  Import took 0.061047 seconds .

========================================================================
Received Import Request.
  Time since last request: 0.000365 seconds.
  path: Assets/Sprites/Player/adventurer-die-00.png
  artifactKey: Guid(e0def58d09709274fa14ed4d5cf44128) Importer(815301076,1909f56bfc062723c751e8b465ee728b)
Start importing Assets/Sprites/Player/adventurer-die-00.png using Guid(e0def58d09709274fa14ed4d5cf44128) Importer(815301076,1909f56bfc062723c751e8b465ee728b)  -> (artifact id: '01810110c4bd65db9d08cacda6bce5b6') in 0.051547 seconds
  Import took 0.067110 seconds .

========================================================================
Received Import Request.
  Time since last request: 0.000336 seconds.
  path: Assets/Sprites/Player/adventurer-cast-00.png
  artifactKey: Guid(8b0e5cd7603de95448025fa870f972ee) Importer(815301076,1909f56bfc062723c751e8b465ee728b)
Start importing Assets/Sprites/Player/adventurer-cast-00.png using Guid(8b0e5cd7603de95448025fa870f972ee) Importer(815301076,1909f56bfc062723c751e8b465ee728b)  -> (artifact id: 'a11654258ae26a400168a46705806636') in 0.035861 seconds
  Import took 0.039510 seconds .

========================================================================
Received Import Request.
  Time since last request: 0.000272 seconds.
  path: Assets/Sprites/Player/adventurer-crnr-grb-02.png
  artifactKey: Guid(d9a44aa611b3ea64eb60de600431043d) Importer(815301076,1909f56bfc062723c751e8b465ee728b)
Start importing Assets/Sprites/Player/adventurer-crnr-grb-02.png using Guid(d9a44aa611b3ea64eb60de600431043d) Importer(815301076,1909f56bfc062723c751e8b465ee728b)  -> (artifact id: '4a2133786b743ae526db0208cdfead9a') in 0.038096 seconds
  Import took 0.042194 seconds .

========================================================================
Received Import Request.
  Time since last request: 0.000313 seconds.
  path: Assets/Sprites/Player/adventurer-cast-01.png
  artifactKey: Guid(cf8c68dc54a56db4c81abfb0f75ec02f) Importer(815301076,1909f56bfc062723c751e8b465ee728b)
Start importing Assets/Sprites/Player/adventurer-cast-01.png using Guid(cf8c68dc54a56db4c81abfb0f75ec02f) Importer(815301076,1909f56bfc062723c751e8b465ee728b)  -> (artifact id: 'a8f7c0f7f24ef5f3bd016e88ae8734df') in 0.039391 seconds
  Import took 0.044854 seconds .

========================================================================
Received Import Request.
  Time since last request: 0.000501 seconds.
  path: Assets/Sprites/Player/adventurer-crnr-grb-01.png
  artifactKey: Guid(c842d613d662d0f4da56fa019e10e25f) Importer(815301076,1909f56bfc062723c751e8b465ee728b)
Start importing Assets/Sprites/Player/adventurer-crnr-grb-01.png using Guid(c842d613d662d0f4da56fa019e10e25f) Importer(815301076,1909f56bfc062723c751e8b465ee728b)  -> (artifact id: '1f1b4889c1a3d8b21d107e327122e7e1') in 0.040724 seconds
  Import took 0.045186 seconds .

========================================================================
Received Import Request.
  Time since last request: 0.000258 seconds.
  path: Assets/Sprites/Player/adventurer-ladder-climb-02.png
  artifactKey: Guid(d966965ecbe5cd549971ec83219b3172) Importer(815301076,1909f56bfc062723c751e8b465ee728b)
Start importing Assets/Sprites/Player/adventurer-ladder-climb-02.png using Guid(d966965ecbe5cd549971ec83219b3172) Importer(815301076,1909f56bfc062723c751e8b465ee728b)  -> (artifact id: 'b15597ad891bd792a4473a68186f41cc') in 0.035401 seconds
  Import took 0.039608 seconds .

========================================================================
Received Import Request.
  Time since last request: 0.000296 seconds.
  path: Assets/Sprites/Player/adventurer-crnr-clmb-00.png
  artifactKey: Guid(3983856b6e502fa4dab4eec6310463f1) Importer(815301076,1909f56bfc062723c751e8b465ee728b)
Start importing Assets/Sprites/Player/adventurer-crnr-clmb-00.png using Guid(3983856b6e502fa4dab4eec6310463f1) Importer(815301076,1909f56bfc062723c751e8b465ee728b)  -> (artifact id: '787d0886e1d45d6cb38ee88dea9cf981') in 0.048976 seconds
  Import took 0.078131 seconds .

========================================================================
Received Import Request.
  Time since last request: 0.000273 seconds.
  path: Assets/Sprites/Player/adventurer-cast-02.png
  artifactKey: Guid(c8a794e989f390d4b8932f42d5be97e6) Importer(815301076,1909f56bfc062723c751e8b465ee728b)
Start importing Assets/Sprites/Player/adventurer-cast-02.png using Guid(c8a794e989f390d4b8932f42d5be97e6) Importer(815301076,1909f56bfc062723c751e8b465ee728b)  -> (artifact id: 'ed7ec5d0285dfc404a48320ce336274e') in 0.047171 seconds
  Import took 0.063362 seconds .

========================================================================
Received Import Request.
  Time since last request: 0.000304 seconds.
  path: Assets/Sprites/Player/adventurer-die-02.png
  artifactKey: Guid(1e562a3d43d7f5e4bb19d455165d8ca6) Importer(815301076,1909f56bfc062723c751e8b465ee728b)
Start importing Assets/Sprites/Player/adventurer-die-02.png using Guid(1e562a3d43d7f5e4bb19d455165d8ca6) Importer(815301076,1909f56bfc062723c751e8b465ee728b)  -> (artifact id: 'bf7ef00998f4f23f4629e74f6a6933e8') in 0.041898 seconds
  Import took 0.045803 seconds .

========================================================================
Received Import Request.
  Time since last request: 0.000289 seconds.
  path: Assets/Sprites/Player/adventurer-idle-2-00.png
  artifactKey: Guid(098976011777cab49beaec8874eb8c77) Importer(815301076,1909f56bfc062723c751e8b465ee728b)
Start importing Assets/Sprites/Player/adventurer-idle-2-00.png using Guid(098976011777cab49beaec8874eb8c77) Importer(815301076,1909f56bfc062723c751e8b465ee728b)  -> (artifact id: '1e0905f27eb13bb22b8c9352a02f1cef') in 0.040876 seconds
  Import took 0.045225 seconds .

========================================================================
Received Import Request.
  Time since last request: 0.000291 seconds.
  path: Assets/Sprites/Player/adventurer-cast-03.png
  artifactKey: Guid(b64fa58e7cf1788469108a6bf249c10f) Importer(815301076,1909f56bfc062723c751e8b465ee728b)
Start importing Assets/Sprites/Player/adventurer-cast-03.png using Guid(b64fa58e7cf1788469108a6bf249c10f) Importer(815301076,1909f56bfc062723c751e8b465ee728b)  -> (artifact id: 'b50e4cda77f0ea5d73e8c7eae1063e64') in 0.061235 seconds
  Import took 0.065747 seconds .

========================================================================
Received Import Request.
  Time since last request: 0.000208 seconds.
  path: Assets/Sprites/Player/adventurer-die-01.png
  artifactKey: Guid(b540357d840712a47a26b287522572d5) Importer(815301076,1909f56bfc062723c751e8b465ee728b)
Start importing Assets/Sprites/Player/adventurer-die-01.png using Guid(b540357d840712a47a26b287522572d5) Importer(815301076,1909f56bfc062723c751e8b465ee728b)  -> (artifact id: 'bfec650340cfefe408d3533d51423921') in 0.087053 seconds
  Import took 0.090965 seconds .

========================================================================
Received Import Request.
  Time since last request: 0.000248 seconds.
  path: Assets/Sprites/Player/adventurer-jump-00.png
  artifactKey: Guid(75b9de419d87b7d4c9128774ff0e1d70) Importer(815301076,1909f56bfc062723c751e8b465ee728b)
Start importing Assets/Sprites/Player/adventurer-jump-00.png using Guid(75b9de419d87b7d4c9128774ff0e1d70) Importer(815301076,1909f56bfc062723c751e8b465ee728b)  -> (artifact id: 'be25de64dd64869dfc8bbab1cc18cdc3') in 0.084268 seconds
  Import took 0.090801 seconds .

========================================================================
Received Import Request.
  Time since last request: 0.000322 seconds.
  path: Assets/Sprites/Player/adventurer-crouch-00.png
  artifactKey: Guid(690afd528470a8f4f8af09a829de556c) Importer(815301076,1909f56bfc062723c751e8b465ee728b)
Start importing Assets/Sprites/Player/adventurer-crouch-00.png using Guid(690afd528470a8f4f8af09a829de556c) Importer(815301076,1909f56bfc062723c751e8b465ee728b)  -> (artifact id: '8ac062a8132ab8c430ee136b46fb8324') in 0.042534 seconds
  Import took 0.048330 seconds .

========================================================================
Received Import Request.
  Time since last request: 0.000251 seconds.
  path: Assets/Sprites/Player/adventurer-jump-02.png
  artifactKey: Guid(65a92f2a49941c9429ba1c4eb8317402) Importer(815301076,1909f56bfc062723c751e8b465ee728b)
Start importing Assets/Sprites/Player/adventurer-jump-02.png using Guid(65a92f2a49941c9429ba1c4eb8317402) Importer(815301076,1909f56bfc062723c751e8b465ee728b)  -> (artifact id: 'f43e8c3cefa976d1000c24daacef4f99') in 0.033249 seconds
  Import took 0.037579 seconds .

========================================================================
Received Import Request.
  Time since last request: 0.000258 seconds.
  path: Assets/Sprites/Player/adventurer-crnr-clmb-03.png
  artifactKey: Guid(722bf0c0e8f807b45aefdf90d727ed68) Importer(815301076,1909f56bfc062723c751e8b465ee728b)
Start importing Assets/Sprites/Player/adventurer-crnr-clmb-03.png using Guid(722bf0c0e8f807b45aefdf90d727ed68) Importer(815301076,1909f56bfc062723c751e8b465ee728b)  -> (artifact id: 'ef5b7575fec2d6500afdd8b552f88ebc') in 0.062415 seconds
  Import took 0.066340 seconds .

========================================================================
Received Import Request.
  Time since last request: 0.000292 seconds.
  path: Assets/Sprites/Player/adventurer-hurt-01.png
  artifactKey: Guid(82bcece013d77774da80a123a84c2440) Importer(815301076,1909f56bfc062723c751e8b465ee728b)
Start importing Assets/Sprites/Player/adventurer-hurt-01.png using Guid(82bcece013d77774da80a123a84c2440) Importer(815301076,1909f56bfc062723c751e8b465ee728b)  -> (artifact id: '6d1fc8d07faccca01f1bce34526fa0a2') in 0.051975 seconds
  Import took 0.067682 seconds .

========================================================================
Received Import Request.
  Time since last request: 0.000361 seconds.
  path: Assets/Sprites/Player/adventurer-fall-00.png
  artifactKey: Guid(eb76f0909ba4a1d4fbf94c6403d22c2e) Importer(815301076,1909f56bfc062723c751e8b465ee728b)
Start importing Assets/Sprites/Player/adventurer-fall-00.png using Guid(eb76f0909ba4a1d4fbf94c6403d22c2e) Importer(815301076,1909f56bfc062723c751e8b465ee728b)  -> (artifact id: '2980371b3fcff20e3b0f2f20d3bf3e9b') in 0.021380 seconds
  Import took 0.025871 seconds .

========================================================================
Received Import Request.
  Time since last request: 0.000317 seconds.
  path: Assets/Sprites/Player/adventurer-idle-01.png
  artifactKey: Guid(ac0f3468a525af849988bac55fc29a72) Importer(815301076,1909f56bfc062723c751e8b465ee728b)
Start importing Assets/Sprites/Player/adventurer-idle-01.png using Guid(ac0f3468a525af849988bac55fc29a72) Importer(815301076,1909f56bfc062723c751e8b465ee728b)  -> (artifact id: '1ee0c3838a167d4332f10b9a855d05c2') in 0.021763 seconds
  Import took 0.026552 seconds .

========================================================================
Received Import Request.
  Time since last request: 0.000250 seconds.
  path: Assets/Sprites/Player/adventurer-jump-01.png
  artifactKey: Guid(5572bb776d18c564089e186d7cc13f31) Importer(815301076,1909f56bfc062723c751e8b465ee728b)
Start importing Assets/Sprites/Player/adventurer-jump-01.png using Guid(5572bb776d18c564089e186d7cc13f31) Importer(815301076,1909f56bfc062723c751e8b465ee728b)  -> (artifact id: '46061235c033db608340b58b381dbafe') in 0.063126 seconds
  Import took 0.067265 seconds .

========================================================================
Received Import Request.
  Time since last request: 0.000324 seconds.
  path: Assets/Sprites/Player/adventurer-ladder-climb-01.png
  artifactKey: Guid(5e67c6fd2816ba94fa033a6a35c5f3f2) Importer(815301076,1909f56bfc062723c751e8b465ee728b)
Start importing Assets/Sprites/Player/adventurer-ladder-climb-01.png using Guid(5e67c6fd2816ba94fa033a6a35c5f3f2) Importer(815301076,1909f56bfc062723c751e8b465ee728b)  -> (artifact id: '5cba8050a706f73f90f61467ff64f9dd') in 0.043809 seconds
  Import took 0.047442 seconds .

========================================================================
Received Import Request.
  Time since last request: 0.000319 seconds.
  path: Assets/Sprites/Player/adventurer-fall-01.png
  artifactKey: Guid(871b9a231b95c7c4a8773ac20957296b) Importer(815301076,1909f56bfc062723c751e8b465ee728b)
Start importing Assets/Sprites/Player/adventurer-fall-01.png using Guid(871b9a231b95c7c4a8773ac20957296b) Importer(815301076,1909f56bfc062723c751e8b465ee728b)  -> (artifact id: '74f8fa3d43b1bce3351dbdfa7632cc9b') in 0.040936 seconds
  Import took 0.045266 seconds .

========================================================================
Received Import Request.
  Time since last request: 0.000290 seconds.
  path: Assets/Sprites/Player/adventurer-crouch-02.png
  artifactKey: Guid(c9ed949b126a0174897bfe74b23f624f) Importer(815301076,1909f56bfc062723c751e8b465ee728b)
Start importing Assets/Sprites/Player/adventurer-crouch-02.png using Guid(c9ed949b126a0174897bfe74b23f624f) Importer(815301076,1909f56bfc062723c751e8b465ee728b)  -> (artifact id: 'cc473ea2c3672297b3056ba3972eb518') in 0.051095 seconds
  Import took 0.054619 seconds .

========================================================================
Received Import Request.
  Time since last request: 0.000622 seconds.
  path: Assets/Sprites/Player/adventurer-cast-loop-03.png
  artifactKey: Guid(4ff74c5826fcb7944a6bf4e5667b6bf5) Importer(815301076,1909f56bfc062723c751e8b465ee728b)
Start importing Assets/Sprites/Player/adventurer-cast-loop-03.png using Guid(4ff74c5826fcb7944a6bf4e5667b6bf5) Importer(815301076,1909f56bfc062723c751e8b465ee728b)  -> (artifact id: 'b4a39264e8671256a5590aff2cf316e8') in 0.037768 seconds
  Import took 0.042004 seconds .

========================================================================
Received Import Request.
  Time since last request: 0.000481 seconds.
  path: Assets/Sprites/Player/adventurer-idle-03.png
  artifactKey: Guid(406d68ec09d87bb43b641525a1faa574) Importer(815301076,1909f56bfc062723c751e8b465ee728b)
Start importing Assets/Sprites/Player/adventurer-idle-03.png using Guid(406d68ec09d87bb43b641525a1faa574) Importer(815301076,1909f56bfc062723c751e8b465ee728b)  -> (artifact id: '389d43e250f16d4d0805374526c8c9c4') in 0.019131 seconds
  Import took 0.046674 seconds .

========================================================================
Received Import Request.
  Time since last request: 0.000285 seconds.
  path: Assets/Sprites/Player/adventurer-idle-2-01.png
  artifactKey: Guid(96f84176ff6636f44a2d78e9b2b79f57) Importer(815301076,1909f56bfc062723c751e8b465ee728b)
Start importing Assets/Sprites/Player/adventurer-idle-2-01.png using Guid(96f84176ff6636f44a2d78e9b2b79f57) Importer(815301076,1909f56bfc062723c751e8b465ee728b)  -> (artifact id: '05a5b230f4d0ea257320aab68176d273') in 0.065811 seconds
  Import took 0.070751 seconds .

========================================================================
Received Import Request.
  Time since last request: 0.000318 seconds.
  path: Assets/Sprites/Player/adventurer-cast-loop-02.png
  artifactKey: Guid(8b9f7a5a24617df49936d8a2d7283794) Importer(815301076,1909f56bfc062723c751e8b465ee728b)
Start importing Assets/Sprites/Player/adventurer-cast-loop-02.png using Guid(8b9f7a5a24617df49936d8a2d7283794) Importer(815301076,1909f56bfc062723c751e8b465ee728b)  -> (artifact id: '3a022aaf8ff7d70db35cb5ece4d9d527') in 0.035549 seconds
  Import took 0.038926 seconds .

========================================================================
Received Import Request.
  Time since last request: 0.000425 seconds.
  path: Assets/Sprites/Player/adventurer-idle-02.png
  artifactKey: Guid(1ab69a954513bc54199fe9e8837911c9) Importer(815301076,1909f56bfc062723c751e8b465ee728b)
Start importing Assets/Sprites/Player/adventurer-idle-02.png using Guid(1ab69a954513bc54199fe9e8837911c9) Importer(815301076,1909f56bfc062723c751e8b465ee728b)  -> (artifact id: 'b03f8d76929e88f951a9cdf4fa80ae81') in 0.020250 seconds
  Import took 0.024896 seconds .

========================================================================
Received Import Request.
  Time since last request: 0.000436 seconds.
  path: Assets/Sprites/Player/adventurer-cast-loop-00.png
  artifactKey: Guid(00513e63f75d6aa43987fdc660ecc590) Importer(815301076,1909f56bfc062723c751e8b465ee728b)
Start importing Assets/Sprites/Player/adventurer-cast-loop-00.png using Guid(00513e63f75d6aa43987fdc660ecc590) Importer(815301076,1909f56bfc062723c751e8b465ee728b)  -> (artifact id: '89955f15c16a4c130717e3ae6c3bbcf6') in 0.062737 seconds
  Import took 0.067381 seconds .

========================================================================
Received Import Request.
  Time since last request: 0.000301 seconds.
  path: Assets/Sprites/Player/adventurer-ladder-climb-00.png
  artifactKey: Guid(85893ba512f983a4b895b87fef163aba) Importer(815301076,1909f56bfc062723c751e8b465ee728b)
Start importing Assets/Sprites/Player/adventurer-ladder-climb-00.png using Guid(85893ba512f983a4b895b87fef163aba) Importer(815301076,1909f56bfc062723c751e8b465ee728b)  -> (artifact id: '0b7ede650073dc8cab51b9c120d196c3') in 0.052928 seconds
  Import took 0.071177 seconds .

========================================================================
Received Import Request.
  Time since last request: 0.000297 seconds.
  path: Assets/Sprites/Player/adventurer-die-04.png
  artifactKey: Guid(2ff281c282d91834b8779f920ba40318) Importer(815301076,1909f56bfc062723c751e8b465ee728b)
Start importing Assets/Sprites/Player/adventurer-die-04.png using Guid(2ff281c282d91834b8779f920ba40318) Importer(815301076,1909f56bfc062723c751e8b465ee728b)  -> (artifact id: '889284c965b0149bed99d22f7375246b') in 0.049446 seconds
  Import took 0.073223 seconds .

========================================================================
Received Import Request.
  Time since last request: 0.000429 seconds.
  path: Assets/Sprites/Player/adventurer-crnr-clmb-01.png
  artifactKey: Guid(3cfae2798debc374d862777ba9988fbb) Importer(815301076,1909f56bfc062723c751e8b465ee728b)
Start importing Assets/Sprites/Player/adventurer-crnr-clmb-01.png using Guid(3cfae2798debc374d862777ba9988fbb) Importer(815301076,1909f56bfc062723c751e8b465ee728b)  -> (artifact id: 'd9552cadfb78a6350c5e621600b70b77') in 0.057319 seconds
  Import took 0.061519 seconds .

========================================================================
Received Import Request.
  Time since last request: 0.000317 seconds.
  path: Assets/Sprites/Player/adventurer-idle-2-03.png
  artifactKey: Guid(8a49aa2401e285b488839100e6d092d2) Importer(815301076,1909f56bfc062723c751e8b465ee728b)
Start importing Assets/Sprites/Player/adventurer-idle-2-03.png using Guid(8a49aa2401e285b488839100e6d092d2) Importer(815301076,1909f56bfc062723c751e8b465ee728b)  -> (artifact id: '41bf8bde9a26b7513ed860a826f51840') in 0.044280 seconds
  Import took 0.048727 seconds .

========================================================================
Received Import Request.
  Time since last request: 0.000287 seconds.
  path: Assets/Sprites/Player/adventurer-crouch-01.png
  artifactKey: Guid(105f1bed41cf22440b15147de299f983) Importer(815301076,1909f56bfc062723c751e8b465ee728b)
Start importing Assets/Sprites/Player/adventurer-crouch-01.png using Guid(105f1bed41cf22440b15147de299f983) Importer(815301076,1909f56bfc062723c751e8b465ee728b)  -> (artifact id: 'c150460201e212e7764cebd130fa3ad9') in 0.057061 seconds
  Import took 0.061077 seconds .

========================================================================
Received Import Request.
  Time since last request: 0.000375 seconds.
  path: Assets/Sprites/Player/adventurer-crouch-03.png
  artifactKey: Guid(9ec8b7456354a0a4fa3ea483df9b2b23) Importer(815301076,1909f56bfc062723c751e8b465ee728b)
Start importing Assets/Sprites/Player/adventurer-crouch-03.png using Guid(9ec8b7456354a0a4fa3ea483df9b2b23) Importer(815301076,1909f56bfc062723c751e8b465ee728b)  -> (artifact id: '941d5c833d8600f681abf87121ebfdb6') in 0.041226 seconds
  Import took 0.045780 seconds .

========================================================================
Received Import Request.
  Time since last request: 0.000271 seconds.
  path: Assets/Sprites/Player/adventurer-jump-03.png
  artifactKey: Guid(4c19560ecfca13841948ae10039760c5) Importer(815301076,1909f56bfc062723c751e8b465ee728b)
Start importing Assets/Sprites/Player/adventurer-jump-03.png using Guid(4c19560ecfca13841948ae10039760c5) Importer(815301076,1909f56bfc062723c751e8b465ee728b)  -> (artifact id: '9c74d1025af95214467e7a5a3af4a87b') in 0.040126 seconds
  Import took 0.045567 seconds .

========================================================================
Received Import Request.
  Time since last request: 0.000366 seconds.
  path: Assets/Sprites/Player/adventurer-idle-00.png
  artifactKey: Guid(14aea04c4723cbd4b951215d6d9befe5) Importer(815301076,1909f56bfc062723c751e8b465ee728b)
Start importing Assets/Sprites/Player/adventurer-idle-00.png using Guid(14aea04c4723cbd4b951215d6d9befe5) Importer(815301076,1909f56bfc062723c751e8b465ee728b)  -> (artifact id: 'cf3d49e041e38fef4e4dadf92583e5a0') in 0.020359 seconds
  Import took 0.024266 seconds .

========================================================================
Received Import Request.
  Time since last request: 0.000310 seconds.
  path: Assets/Sprites/Player/adventurer-die-05.png
  artifactKey: Guid(0e4ee8b68f708914083665aded3ff816) Importer(815301076,1909f56bfc062723c751e8b465ee728b)
Start importing Assets/Sprites/Player/adventurer-die-05.png using Guid(0e4ee8b68f708914083665aded3ff816) Importer(815301076,1909f56bfc062723c751e8b465ee728b)  -> (artifact id: '24ae8635ff6d14028dc6a13965327053') in 0.037080 seconds
  Import took 0.040593 seconds .

========================================================================
Received Import Request.
  Time since last request: 0.000319 seconds.
  path: Assets/Sprites/Player/adventurer-die-03.png
  artifactKey: Guid(b046de8e17038f746880f730a355d8a0) Importer(815301076,1909f56bfc062723c751e8b465ee728b)
Start importing Assets/Sprites/Player/adventurer-die-03.png using Guid(b046de8e17038f746880f730a355d8a0) Importer(815301076,1909f56bfc062723c751e8b465ee728b)  -> (artifact id: 'f9d6c6bad2f783105a731cc5ff8d4a57') in 0.063008 seconds
  Import took 0.066966 seconds .

========================================================================
Received Import Request.
  Time since last request: 0.000280 seconds.
  path: Assets/Sprites/Player/adventurer-idle-2-02.png
  artifactKey: Guid(1d916afd5ceb134468dd14f49d65a8dd) Importer(815301076,1909f56bfc062723c751e8b465ee728b)
Start importing Assets/Sprites/Player/adventurer-idle-2-02.png using Guid(1d916afd5ceb134468dd14f49d65a8dd) Importer(815301076,1909f56bfc062723c751e8b465ee728b)  -> (artifact id: 'f32cb3357fb4ba7b67a0c173835b73c6') in 0.051394 seconds
  Import took 0.056506 seconds .

========================================================================
Received Import Request.
  Time since last request: 0.000313 seconds.
  path: Assets/Sprites/Player/adventurer-crnr-clmb-04.png
  artifactKey: Guid(1b71d07cdc4bb2f48bff65e2ac151732) Importer(815301076,1909f56bfc062723c751e8b465ee728b)
Start importing Assets/Sprites/Player/adventurer-crnr-clmb-04.png using Guid(1b71d07cdc4bb2f48bff65e2ac151732) Importer(815301076,1909f56bfc062723c751e8b465ee728b)  -> (artifact id: '87bcc28913964dc4f99c699684b153cc') in 0.041417 seconds
  Import took 0.098443 seconds .

========================================================================
Received Import Request.
  Time since last request: 0.000285 seconds.
  path: Assets/Sprites/Player/adventurer-crnr-jmp-01.png
  artifactKey: Guid(80d4dd02fc08c734ca6fcbbbf7b508e9) Importer(815301076,1909f56bfc062723c751e8b465ee728b)
Start importing Assets/Sprites/Player/adventurer-crnr-jmp-01.png using Guid(80d4dd02fc08c734ca6fcbbbf7b508e9) Importer(815301076,1909f56bfc062723c751e8b465ee728b)  -> (artifact id: '13f27ea6ed91cc65c3d7cb6501b9e1bc') in 0.090169 seconds
  Import took 0.094015 seconds .

========================================================================
Received Import Request.
  Time since last request: 0.000230 seconds.
  path: Assets/Sprites/Player/adventurer-crnr-jmp-00.png
  artifactKey: Guid(5ae357a8878e70c4f98df326cd40149f) Importer(815301076,1909f56bfc062723c751e8b465ee728b)
Start importing Assets/Sprites/Player/adventurer-crnr-jmp-00.png using Guid(5ae357a8878e70c4f98df326cd40149f) Importer(815301076,1909f56bfc062723c751e8b465ee728b)  -> (artifact id: '5a39acc823d3fd4140dc92168e9e1a83') in 0.045873 seconds
  Import took 0.050604 seconds .

========================================================================
Received Import Request.
  Time since last request: 0.000275 seconds.
  path: Assets/Sprites/Player/adventurer-cast-loop-01.png
  artifactKey: Guid(01672c16fcbe4c0489cb5f812418692d) Importer(815301076,1909f56bfc062723c751e8b465ee728b)
Start importing Assets/Sprites/Player/adventurer-cast-loop-01.png using Guid(01672c16fcbe4c0489cb5f812418692d) Importer(815301076,1909f56bfc062723c751e8b465ee728b)  -> (artifact id: '972ced74fd65be8e9e8cd66ad14d63d0') in 0.050334 seconds
  Import took 0.066329 seconds .

========================================================================
Received Import Request.
  Time since last request: 10.736264 seconds.
  path: Assets/Sprites/Player/adventurer-slide-01.png
  artifactKey: Guid(d131da05c14d2784d8cba2b5da8dd7cf) Importer(815301076,1909f56bfc062723c751e8b465ee728b)
Start importing Assets/Sprites/Player/adventurer-slide-01.png using Guid(d131da05c14d2784d8cba2b5da8dd7cf) Importer(815301076,1909f56bfc062723c751e8b465ee728b)  -> (artifact id: '9fa6f34fdce0e2e836fae110af20ca96') in 0.104655 seconds
  Import took 0.109385 seconds .

========================================================================
Received Import Request.
  Time since last request: 0.000289 seconds.
  path: Assets/Sprites/Player/adventurer-swrd-shte-00.png
  artifactKey: Guid(12a9f5b62f4a2b14a8484df3682ce759) Importer(815301076,1909f56bfc062723c751e8b465ee728b)
Start importing Assets/Sprites/Player/adventurer-swrd-shte-00.png using Guid(12a9f5b62f4a2b14a8484df3682ce759) Importer(815301076,1909f56bfc062723c751e8b465ee728b)  -> (artifact id: 'c12ce099568911fd5236487a7853dc02') in 0.078215 seconds
  Import took 0.082503 seconds .

========================================================================
Received Import Request.
  Time since last request: 0.000310 seconds.
  path: Assets/Sprites/Player/adventurer-slide-01.png
  artifactKey: Guid(d131da05c14d2784d8cba2b5da8dd7cf) Importer(815301076,1909f56bfc062723c751e8b465ee728b)
Start importing Assets/Sprites/Player/adventurer-slide-01.png using Guid(d131da05c14d2784d8cba2b5da8dd7cf) Importer(815301076,1909f56bfc062723c751e8b465ee728b)  -> (artifact id: '9fa6f34fdce0e2e836fae110af20ca96') in 0.017279 seconds
  Import took 0.021573 seconds .

========================================================================
Received Import Request.
  Time since last request: 0.000307 seconds.
  path: Assets/Sprites/Player/adventurer-stand-01.png
  artifactKey: Guid(03c813c66203ef94e9a4986cac20acdb) Importer(815301076,1909f56bfc062723c751e8b465ee728b)
Start importing Assets/Sprites/Player/adventurer-stand-01.png using Guid(03c813c66203ef94e9a4986cac20acdb) Importer(815301076,1909f56bfc062723c751e8b465ee728b)  -> (artifact id: 'f616d651481991a7b93b425e8a048f69') in 0.071143 seconds
  Import took 0.077517 seconds .

========================================================================
Received Import Request.
  Time since last request: 0.000297 seconds.
  path: Assets/Sprites/Player/adventurer-smrslt-00.png
  artifactKey: Guid(3284bd9c8b8aa1943915844e4d8f7547) Importer(815301076,1909f56bfc062723c751e8b465ee728b)
Start importing Assets/Sprites/Player/adventurer-smrslt-00.png using Guid(3284bd9c8b8aa1943915844e4d8f7547) Importer(815301076,1909f56bfc062723c751e8b465ee728b)  -> (artifact id: '1bbb533903f18270362fd33618c553e1') in 0.049659 seconds
  Import took 0.054669 seconds .

========================================================================
Received Import Request.
  Time since last request: 0.000309 seconds.
  path: Assets/Sprites/Player/adventurer-smrslt-01.png
  artifactKey: Guid(b1fd038c382d42e41ba9a6b6edd07a69) Importer(815301076,1909f56bfc062723c751e8b465ee728b)
Start importing Assets/Sprites/Player/adventurer-smrslt-01.png using Guid(b1fd038c382d42e41ba9a6b6edd07a69) Importer(815301076,1909f56bfc062723c751e8b465ee728b)  -> (artifact id: 'f1f7de75ef2383c581a8b08d15d27cf8') in 0.038755 seconds
  Import took 0.043179 seconds .

========================================================================
Received Import Request.
  Time since last request: 0.000306 seconds.
  path: Assets/Sprites/Player/adventurer-smrslt-00.png
  artifactKey: Guid(3284bd9c8b8aa1943915844e4d8f7547) Importer(815301076,1909f56bfc062723c751e8b465ee728b)
Start importing Assets/Sprites/Player/adventurer-smrslt-00.png using Guid(3284bd9c8b8aa1943915844e4d8f7547) Importer(815301076,1909f56bfc062723c751e8b465ee728b)  -> (artifact id: '1bbb533903f18270362fd33618c553e1') in 0.019146 seconds
  Import took 0.023677 seconds .

========================================================================
Received Import Request.
  Time since last request: 0.000296 seconds.
  path: Assets/Sprites/Player/adventurer-smrslt-03.png
  artifactKey: Guid(4b2143c239f4edb45986d96f8c6447f8) Importer(815301076,1909f56bfc062723c751e8b465ee728b)
Start importing Assets/Sprites/Player/adventurer-smrslt-03.png using Guid(4b2143c239f4edb45986d96f8c6447f8) Importer(815301076,1909f56bfc062723c751e8b465ee728b)  -> (artifact id: 'df33f93a59ceb8723ab40c5d9d5e3186') in 0.042852 seconds
  Import took 0.047208 seconds .

========================================================================
Received Import Request.
  Time since last request: 0.000385 seconds.
  path: Assets/Sprites/Player/adventurer-stand-00.png
  artifactKey: Guid(de71cc84163ca8249b699705e0b24803) Importer(815301076,1909f56bfc062723c751e8b465ee728b)
Start importing Assets/Sprites/Player/adventurer-stand-00.png using Guid(de71cc84163ca8249b699705e0b24803) Importer(815301076,1909f56bfc062723c751e8b465ee728b)  -> (artifact id: '4f3f5e2160a56282662ff35141bc5a32') in 0.033848 seconds
  Import took 0.050563 seconds .

========================================================================
Received Import Request.
  Time since last request: 0.000220 seconds.
  path: Assets/Sprites/Player/adventurer-smrslt-02.png
  artifactKey: Guid(5d2944d175ffe254986ff72798785af4) Importer(815301076,1909f56bfc062723c751e8b465ee728b)
Start importing Assets/Sprites/Player/adventurer-smrslt-02.png using Guid(5d2944d175ffe254986ff72798785af4) Importer(815301076,1909f56bfc062723c751e8b465ee728b)  -> (artifact id: 'bfabbdff25ca7720ecf97b468448b1a5') in 0.045663 seconds
  Import took 0.050753 seconds .

========================================================================
Received Import Request.
  Time since last request: 0.000229 seconds.
  path: Assets/Sprites/Player/adventurer-stand-02.png
  artifactKey: Guid(2c738b8d31b89ed45bc3a0d1ed524336) Importer(815301076,1909f56bfc062723c751e8b465ee728b)
Start importing Assets/Sprites/Player/adventurer-stand-02.png using Guid(2c738b8d31b89ed45bc3a0d1ed524336) Importer(815301076,1909f56bfc062723c751e8b465ee728b)  -> (artifact id: 'bb6b5f87ba1cc11f9bb25540637d2277') in 0.046163 seconds
  Import took 0.057353 seconds .

========================================================================
Received Prepare
Registering precompiled user dll's ...
Registered in 0.002156 seconds.
Begin MonoManager ReloadAssembly
Native extension for WindowsStandalone target not found
Refreshing native plugins compatible for Editor in 0.41 ms, found 1 plugins.
Preloading 0 native plugins for Editor in 0.00 ms.
Invoked RoslynAnalysisRunner static constructor.
RoslynAnalysisRunner will not be running.
RoslynAnalysisRunner has terminated.
Mono: successfully reloaded assembly
- Completed reload, in  1.566 seconds
Platform modules already initialized, skipping
Refreshing native plugins compatible for Editor in 0.46 ms, found 1 plugins.
Preloading 0 native plugins for Editor in 0.00 ms.
Unloading 1952 Unused Serialized files (Serialized files now loaded: 0)
System memory in use before: 94.0 MB.
System memory in use after: 94.0 MB.

Unloading 13 unused Assets to reduce memory usage. Loaded Objects now: 2431.
Total: 3.420000 ms (FindLiveObjects: 0.304100 ms CreateObjectMapping: 0.126700 ms MarkObjects: 2.838200 ms  DeleteObjects: 0.148900 ms)

========================================================================
Received Import Request.
  Time since last request: 637.756802 seconds.
  path: Assets/Scripts/PlayerController.cs
  artifactKey: Guid(409f1953bf8f16d4aab4a43a2da49468) Importer(815301076,1909f56bfc062723c751e8b465ee728b)
Start importing Assets/Scripts/PlayerController.cs using Guid(409f1953bf8f16d4aab4a43a2da49468) Importer(815301076,1909f56bfc062723c751e8b465ee728b)  -> (artifact id: '02df6d9d6c659720e7a8d1279be98d39') in 0.016464 seconds
  Import took 0.020026 seconds .

========================================================================
Received Import Request.
  Time since last request: 0.036767 seconds.
  path: Assets/Scripts/PlayerController.cs
  artifactKey: Guid(409f1953bf8f16d4aab4a43a2da49468) Importer(815301076,1909f56bfc062723c751e8b465ee728b)
Start importing Assets/Scripts/PlayerController.cs using Guid(409f1953bf8f16d4aab4a43a2da49468) Importer(815301076,1909f56bfc062723c751e8b465ee728b)  -> (artifact id: '02df6d9d6c659720e7a8d1279be98d39') in 0.008222 seconds
  Import took 0.012930 seconds .

========================================================================
Received Prepare
Registering precompiled user dll's ...
Registered in 0.002376 seconds.
Begin MonoManager ReloadAssembly
Native extension for WindowsStandalone target not found
Refreshing native plugins compatible for Editor in 0.49 ms, found 1 plugins.
Preloading 0 native plugins for Editor in 0.00 ms.
Invoked RoslynAnalysisRunner static constructor.
RoslynAnalysisRunner will not be running.
RoslynAnalysisRunner has terminated.
Mono: successfully reloaded assembly
- Completed reload, in  1.759 seconds
Platform modules already initialized, skipping
Refreshing native plugins compatible for Editor in 0.41 ms, found 1 plugins.
Preloading 0 native plugins for Editor in 0.00 ms.
Unloading 1952 Unused Serialized files (Serialized files now loaded: 0)
System memory in use before: 94.1 MB.
System memory in use after: 94.1 MB.

Unloading 13 unused Assets to reduce memory usage. Loaded Objects now: 2435.
Total: 2.520300 ms (FindLiveObjects: 0.259400 ms CreateObjectMapping: 0.092000 ms MarkObjects: 2.019300 ms  DeleteObjects: 0.148200 ms)

========================================================================
Received Prepare
Registering precompiled user dll's ...
Registered in 0.001769 seconds.
Begin MonoManager ReloadAssembly
Native extension for WindowsStandalone target not found
Refreshing native plugins compatible for Editor in 0.92 ms, found 1 plugins.
Preloading 0 native plugins for Editor in 0.00 ms.
Invoked RoslynAnalysisRunner static constructor.
RoslynAnalysisRunner will not be running.
RoslynAnalysisRunner has terminated.
Mono: successfully reloaded assembly
- Completed reload, in  1.699 seconds
Platform modules already initialized, skipping
Refreshing native plugins compatible for Editor in 0.43 ms, found 1 plugins.
Preloading 0 native plugins for Editor in 0.00 ms.
Unloading 1952 Unused Serialized files (Serialized files now loaded: 0)
System memory in use before: 94.1 MB.
System memory in use after: 94.1 MB.

Unloading 13 unused Assets to reduce memory usage. Loaded Objects now: 2439.
Total: 3.077000 ms (FindLiveObjects: 0.377300 ms CreateObjectMapping: 0.127500 ms MarkObjects: 2.449900 ms  DeleteObjects: 0.120900 ms)

========================================================================
Received Prepare
Registering precompiled user dll's ...
Registered in 0.001900 seconds.
Begin MonoManager ReloadAssembly
Native extension for WindowsStandalone target not found
Refreshing native plugins compatible for Editor in 0.47 ms, found 1 plugins.
Preloading 0 native plugins for Editor in 0.00 ms.
Invoked RoslynAnalysisRunner static constructor.
RoslynAnalysisRunner will not be running.
RoslynAnalysisRunner has terminated.
Mono: successfully reloaded assembly
- Completed reload, in  1.391 seconds
Platform modules already initialized, skipping
Refreshing native plugins compatible for Editor in 0.50 ms, found 1 plugins.
Preloading 0 native plugins for Editor in 0.00 ms.
Unloading 1952 Unused Serialized files (Serialized files now loaded: 0)
System memory in use before: 94.1 MB.
System memory in use after: 94.1 MB.

Unloading 13 unused Assets to reduce memory usage. Loaded Objects now: 2443.
Total: 2.655100 ms (FindLiveObjects: 0.326300 ms CreateObjectMapping: 0.126900 ms MarkObjects: 2.046000 ms  DeleteObjects: 0.154200 ms)

AssetImportWorkerClient::OnTransportError - code=2 error=End of file
