Using pre-set license
Built from '2020.3/staging' branch; Version is '2020.3.0f1 (c7b5465681fb) revision 13088070'; Using compiler version '192528614'; Build Type 'Release'
OS: 'Windows 10 Home; OS build 19043.962; Version 2009; 64bit' Language: 'en' Physical Memory: 16335 MB
BatchMode: 1, IsHumanControllingUs: 0, StartBugReporterOnCrash: 0, Is64bit: 1, IsPro: 0

 COMMAND LINE ARGUMENTS:
C:\Program Files\Unity\Hub\Editor\2020.3.0f1\Editor\Unity.exe
-adb2
-batchMode
-noUpm
-name
AssetImportWorker0
-projectPath
D:/School Work/UCF Spring 2021/Game Optimization and Performance/Adventures-of-a-Loser/AdventuresOfALoser
-logFile
Logs/AssetImportWorker0.log
-srvPort
23037
Successfully changed project path to: D:/School Work/UCF Spring 2021/Game Optimization and Performance/Adventures-of-a-Loser/AdventuresOfALoser
D:/School Work/UCF Spring 2021/Game Optimization and Performance/Adventures-of-a-Loser/AdventuresOfALoser
Using Asset Import Pipeline V2.
Refreshing native plugins compatible for Editor in 52.61 ms, found 1 plugins.
Preloading 0 native plugins for Editor in 0.00 ms.
Initialize engine version: 2020.3.0f1 (c7b5465681fb)
[Subsystems] Discovering subsystems at path C:/Program Files/Unity/Hub/Editor/2020.3.0f1/Editor/Data/Resources/UnitySubsystems
[Subsystems] Discovering subsystems at path D:/School Work/UCF Spring 2021/Game Optimization and Performance/Adventures-of-a-Loser/AdventuresOfALoser/Assets
GfxDevice: creating device client; threaded=0
Direct3D:
    Version:  Direct3D 11.0 [level 11.1]
    Renderer: NVIDIA GeForce GTX 1070 (ID=0x1be1)
    Vendor:   
    VRAM:     8081 MB
    Driver:   27.21.14.6611
Initialize mono
Mono path[0] = 'C:/Program Files/Unity/Hub/Editor/2020.3.0f1/Editor/Data/Managed'
Mono path[1] = 'C:/Program Files/Unity/Hub/Editor/2020.3.0f1/Editor/Data/MonoBleedingEdge/lib/mono/unityjit'
Mono config path = 'C:/Program Files/Unity/Hub/Editor/2020.3.0f1/Editor/Data/MonoBleedingEdge/etc'
Using monoOptions --debugger-agent=transport=dt_socket,embedding=1,server=y,suspend=n,address=127.0.0.1:56648
Begin MonoManager ReloadAssembly
Registering precompiled unity dll's ...
Register platform support module: C:/Program Files/Unity/Hub/Editor/2020.3.0f1/Editor/Data/PlaybackEngines/WindowsStandaloneSupport/UnityEditor.WindowsStandalone.Extensions.dll
Registered in 0.014449 seconds.
Native extension for WindowsStandalone target not found
Refreshing native plugins compatible for Editor in 50.59 ms, found 1 plugins.
Preloading 0 native plugins for Editor in 0.00 ms.
Invoked RoslynAnalysisRunner static constructor.
RoslynAnalysisRunner will not be running.
RoslynAnalysisRunner has terminated.
Mono: successfully reloaded assembly
- Completed reload, in  2.512 seconds
Platform modules already initialized, skipping
Registering precompiled user dll's ...
Registered in 0.002555 seconds.
Begin MonoManager ReloadAssembly
Native extension for WindowsStandalone target not found
Refreshing native plugins compatible for Editor in 79.73 ms, found 1 plugins.
Preloading 0 native plugins for Editor in 0.00 ms.
Invoked RoslynAnalysisRunner static constructor.
RoslynAnalysisRunner will not be running.
RoslynAnalysisRunner has terminated.
Mono: successfully reloaded assembly
- Completed reload, in  1.751 seconds
Platform modules already initialized, skipping
========================================================================
Worker process is ready to serve import requests
Launched and connected shader compiler UnityShaderCompiler.exe after 0.13 seconds
Refreshing native plugins compatible for Editor in 0.40 ms, found 1 plugins.
Preloading 0 native plugins for Editor in 0.00 ms.
Unloading 1981 Unused Serialized files (Serialized files now loaded: 0)
System memory in use before: 93.0 MB.
System memory in use after: 93.0 MB.

Unloading 24 unused Assets to reduce memory usage. Loaded Objects now: 2427.
Total: 2.611200 ms (FindLiveObjects: 0.248800 ms CreateObjectMapping: 0.150400 ms MarkObjects: 2.042700 ms  DeleteObjects: 0.168000 ms)

========================================================================
Received Import Request.
  path: Assets/Scripts/DialogNPC.cs
  artifactKey: Guid(1d5b337e00ab3394e965a9a5db6330b3) Importer(815301076,1909f56bfc062723c751e8b465ee728b)
Start importing Assets/Scripts/DialogNPC.cs using Guid(1d5b337e00ab3394e965a9a5db6330b3) Importer(815301076,1909f56bfc062723c751e8b465ee728b)  -> (artifact id: 'dda124f2c4051d911e45633f4a096120') in 0.081933 seconds
  Import took 0.124487 seconds .

========================================================================
Received Import Request.
  Time since last request: 3.135795 seconds.
  path: Assets/Scripts/DialogNPC1.cs
  artifactKey: Guid(3d5a42c5ed793834082214e5ca45ff29) Importer(815301076,1909f56bfc062723c751e8b465ee728b)
Start importing Assets/Scripts/DialogNPC1.cs using Guid(3d5a42c5ed793834082214e5ca45ff29) Importer(815301076,1909f56bfc062723c751e8b465ee728b)  -> (artifact id: 'dae52fc7bd7463ed6bf69347288b4fe9') in 0.011001 seconds
  Import took 0.055745 seconds .

========================================================================
Received Import Request.
  Time since last request: 22.477997 seconds.
  path: Assets/Scripts/DialogNPCGuard3.cs
  artifactKey: Guid(3d5a42c5ed793834082214e5ca45ff29) Importer(815301076,1909f56bfc062723c751e8b465ee728b)
Start importing Assets/Scripts/DialogNPCGuard3.cs using Guid(3d5a42c5ed793834082214e5ca45ff29) Importer(815301076,1909f56bfc062723c751e8b465ee728b)  -> (artifact id: '6f38a61804d6eb3936feae98bac2fbb2') in 0.010982 seconds
  Import took 0.033668 seconds .

========================================================================
Received Import Request.
  Time since last request: 73.251980 seconds.
  path: Assets/Scripts/DialogNPCGuard3.cs
  artifactKey: Guid(3d5a42c5ed793834082214e5ca45ff29) Importer(815301076,1909f56bfc062723c751e8b465ee728b)
Start importing Assets/Scripts/DialogNPCGuard3.cs using Guid(3d5a42c5ed793834082214e5ca45ff29) Importer(815301076,1909f56bfc062723c751e8b465ee728b)  -> (artifact id: '0c8f5712202da50cb85701c354338e22') in 0.024033 seconds
  Import took 0.079028 seconds .

========================================================================
Received Prepare
Registering precompiled user dll's ...
Registered in 0.001789 seconds.
Begin MonoManager ReloadAssembly
Native extension for WindowsStandalone target not found
Refreshing native plugins compatible for Editor in 0.55 ms, found 1 plugins.
Preloading 0 native plugins for Editor in 0.00 ms.
Invoked RoslynAnalysisRunner static constructor.
RoslynAnalysisRunner will not be running.
RoslynAnalysisRunner has terminated.
Mono: successfully reloaded assembly
- Completed reload, in  1.627 seconds
Platform modules already initialized, skipping
Refreshing native plugins compatible for Editor in 0.44 ms, found 1 plugins.
Preloading 0 native plugins for Editor in 0.00 ms.
Unloading 1962 Unused Serialized files (Serialized files now loaded: 0)
System memory in use before: 91.9 MB.
System memory in use after: 91.9 MB.

Unloading 13 unused Assets to reduce memory usage. Loaded Objects now: 2432.
Total: 2.679300 ms (FindLiveObjects: 0.335600 ms CreateObjectMapping: 0.137400 ms MarkObjects: 2.087800 ms  DeleteObjects: 0.117300 ms)

========================================================================
Received Import Request.
  Time since last request: 45.610646 seconds.
  path: Assets/Scripts/GameController.cs
  artifactKey: Guid(a032ea11d7d189748a9ba893edccd1f5) Importer(815301076,1909f56bfc062723c751e8b465ee728b)
Start importing Assets/Scripts/GameController.cs using Guid(a032ea11d7d189748a9ba893edccd1f5) Importer(815301076,1909f56bfc062723c751e8b465ee728b)  -> (artifact id: 'a83938eebe29318f81012a0783ae17fa') in 0.012268 seconds
  Import took 0.075875 seconds .

========================================================================
Received Prepare
Registering precompiled user dll's ...
Registered in 0.002585 seconds.
Begin MonoManager ReloadAssembly
Native extension for WindowsStandalone target not found
Refreshing native plugins compatible for Editor in 0.57 ms, found 1 plugins.
Preloading 0 native plugins for Editor in 0.00 ms.
Invoked RoslynAnalysisRunner static constructor.
RoslynAnalysisRunner will not be running.
RoslynAnalysisRunner has terminated.
Mono: successfully reloaded assembly
- Completed reload, in  1.509 seconds
Platform modules already initialized, skipping
Refreshing native plugins compatible for Editor in 0.63 ms, found 1 plugins.
Preloading 0 native plugins for Editor in 0.00 ms.
Unloading 1962 Unused Serialized files (Serialized files now loaded: 0)
System memory in use before: 91.9 MB.
System memory in use after: 91.9 MB.

Unloading 13 unused Assets to reduce memory usage. Loaded Objects now: 2436.
Total: 2.653600 ms (FindLiveObjects: 0.202800 ms CreateObjectMapping: 0.091600 ms MarkObjects: 2.231100 ms  DeleteObjects: 0.126800 ms)

========================================================================
Received Prepare
Registering precompiled user dll's ...
Registered in 0.002236 seconds.
Begin MonoManager ReloadAssembly
Native extension for WindowsStandalone target not found
Refreshing native plugins compatible for Editor in 0.65 ms, found 1 plugins.
Preloading 0 native plugins for Editor in 0.00 ms.
Invoked RoslynAnalysisRunner static constructor.
RoslynAnalysisRunner will not be running.
RoslynAnalysisRunner has terminated.
Mono: successfully reloaded assembly
- Completed reload, in  1.533 seconds
Platform modules already initialized, skipping
Refreshing native plugins compatible for Editor in 0.43 ms, found 1 plugins.
Preloading 0 native plugins for Editor in 0.00 ms.
Unloading 1962 Unused Serialized files (Serialized files now loaded: 0)
System memory in use before: 91.9 MB.
System memory in use after: 91.9 MB.

Unloading 13 unused Assets to reduce memory usage. Loaded Objects now: 2440.
Total: 2.339400 ms (FindLiveObjects: 0.187100 ms CreateObjectMapping: 0.078400 ms MarkObjects: 1.925900 ms  DeleteObjects: 0.146800 ms)

========================================================================
Received Prepare
Registering precompiled user dll's ...
Registered in 0.002223 seconds.
Begin MonoManager ReloadAssembly
Native extension for WindowsStandalone target not found
Refreshing native plugins compatible for Editor in 0.68 ms, found 1 plugins.
Preloading 0 native plugins for Editor in 0.00 ms.
Invoked RoslynAnalysisRunner static constructor.
RoslynAnalysisRunner will not be running.
RoslynAnalysisRunner has terminated.
Mono: successfully reloaded assembly
- Completed reload, in  1.610 seconds
Platform modules already initialized, skipping
Refreshing native plugins compatible for Editor in 0.71 ms, found 1 plugins.
Preloading 0 native plugins for Editor in 0.00 ms.
Unloading 1962 Unused Serialized files (Serialized files now loaded: 0)
System memory in use before: 91.9 MB.
System memory in use after: 91.9 MB.

Unloading 13 unused Assets to reduce memory usage. Loaded Objects now: 2444.
Total: 4.665300 ms (FindLiveObjects: 0.454700 ms CreateObjectMapping: 0.220100 ms MarkObjects: 3.791000 ms  DeleteObjects: 0.197100 ms)

========================================================================
Received Prepare
Registering precompiled user dll's ...
Registered in 0.001854 seconds.
Begin MonoManager ReloadAssembly
Native extension for WindowsStandalone target not found
Refreshing native plugins compatible for Editor in 0.52 ms, found 1 plugins.
Preloading 0 native plugins for Editor in 0.00 ms.
Invoked RoslynAnalysisRunner static constructor.
RoslynAnalysisRunner will not be running.
RoslynAnalysisRunner has terminated.
Mono: successfully reloaded assembly
- Completed reload, in  1.507 seconds
Platform modules already initialized, skipping
Refreshing native plugins compatible for Editor in 0.74 ms, found 1 plugins.
Preloading 0 native plugins for Editor in 0.00 ms.
Unloading 1962 Unused Serialized files (Serialized files now loaded: 0)
System memory in use before: 91.9 MB.
System memory in use after: 91.9 MB.

Unloading 13 unused Assets to reduce memory usage. Loaded Objects now: 2448.
Total: 4.070500 ms (FindLiveObjects: 0.369400 ms CreateObjectMapping: 0.121200 ms MarkObjects: 3.358700 ms  DeleteObjects: 0.219100 ms)

========================================================================
Received Import Request.
  Time since last request: 566.115279 seconds.
  path: Assets/Scripts/DialogNPC.cs
  artifactKey: Guid(1d5b337e00ab3394e965a9a5db6330b3) Importer(815301076,1909f56bfc062723c751e8b465ee728b)
Start importing Assets/Scripts/DialogNPC.cs using Guid(1d5b337e00ab3394e965a9a5db6330b3) Importer(815301076,1909f56bfc062723c751e8b465ee728b)  -> (artifact id: '51dae84063c59d6a1e5b3caf4dc1fffe') in 0.011934 seconds
  Import took 0.313085 seconds .

========================================================================
Received Prepare
Registering precompiled user dll's ...
Registered in 0.001945 seconds.
Begin MonoManager ReloadAssembly
Native extension for WindowsStandalone target not found
Refreshing native plugins compatible for Editor in 0.45 ms, found 1 plugins.
Preloading 0 native plugins for Editor in 0.00 ms.
Invoked RoslynAnalysisRunner static constructor.
RoslynAnalysisRunner will not be running.
RoslynAnalysisRunner has terminated.
Mono: successfully reloaded assembly
- Completed reload, in  1.499 seconds
Platform modules already initialized, skipping
Refreshing native plugins compatible for Editor in 0.79 ms, found 1 plugins.
Preloading 0 native plugins for Editor in 0.00 ms.
Unloading 1962 Unused Serialized files (Serialized files now loaded: 0)
System memory in use before: 92.0 MB.
System memory in use after: 92.0 MB.

Unloading 13 unused Assets to reduce memory usage. Loaded Objects now: 2452.
Total: 3.408000 ms (FindLiveObjects: 0.253400 ms CreateObjectMapping: 0.083900 ms MarkObjects: 2.922700 ms  DeleteObjects: 0.146500 ms)

========================================================================
Received Import Request.
  Time since last request: 205.576459 seconds.
  path: Assets/Scripts/DialogNPC.cs
  artifactKey: Guid(1d5b337e00ab3394e965a9a5db6330b3) Importer(815301076,1909f56bfc062723c751e8b465ee728b)
Start importing Assets/Scripts/DialogNPC.cs using Guid(1d5b337e00ab3394e965a9a5db6330b3) Importer(815301076,1909f56bfc062723c751e8b465ee728b)  -> (artifact id: 'accf7d15b511203d211602956540648a') in 0.010524 seconds
  Import took 0.031555 seconds .

========================================================================
Received Import Request.
  Time since last request: 20.989177 seconds.
  path: Assets/Scripts/DialogNPCGuard3.cs
  artifactKey: Guid(3d5a42c5ed793834082214e5ca45ff29) Importer(815301076,1909f56bfc062723c751e8b465ee728b)
Start importing Assets/Scripts/DialogNPCGuard3.cs using Guid(3d5a42c5ed793834082214e5ca45ff29) Importer(815301076,1909f56bfc062723c751e8b465ee728b)  -> (artifact id: '2f92eb44891d203db790018563c61f85') in 0.010906 seconds
  Import took 0.311895 seconds .

========================================================================
Received Prepare
Registering precompiled user dll's ...
Registered in 0.002850 seconds.
Begin MonoManager ReloadAssembly
Native extension for WindowsStandalone target not found
Refreshing native plugins compatible for Editor in 0.77 ms, found 1 plugins.
Preloading 0 native plugins for Editor in 0.00 ms.
Invoked RoslynAnalysisRunner static constructor.
RoslynAnalysisRunner will not be running.
RoslynAnalysisRunner has terminated.
Mono: successfully reloaded assembly
- Completed reload, in  1.637 seconds
Platform modules already initialized, skipping
Refreshing native plugins compatible for Editor in 0.50 ms, found 1 plugins.
Preloading 0 native plugins for Editor in 0.00 ms.
Unloading 1962 Unused Serialized files (Serialized files now loaded: 0)
System memory in use before: 92.0 MB.
System memory in use after: 92.0 MB.

Unloading 13 unused Assets to reduce memory usage. Loaded Objects now: 2456.
Total: 2.420300 ms (FindLiveObjects: 0.245600 ms CreateObjectMapping: 0.087600 ms MarkObjects: 1.953700 ms  DeleteObjects: 0.132200 ms)

========================================================================
Received Import Request.
  Time since last request: 270.447159 seconds.
  path: Assets/Scripts/DialogNPCGuard3.cs
  artifactKey: Guid(3d5a42c5ed793834082214e5ca45ff29) Importer(815301076,1909f56bfc062723c751e8b465ee728b)
Start importing Assets/Scripts/DialogNPCGuard3.cs using Guid(3d5a42c5ed793834082214e5ca45ff29) Importer(815301076,1909f56bfc062723c751e8b465ee728b)  -> (artifact id: 'b1c03cca20551f011543aadae222ceb4') in 0.013027 seconds
  Import took 0.029909 seconds .

========================================================================
Received Import Request.
  Time since last request: 207.760053 seconds.
  path: Assets/Scripts/CoinPickUp.cs
  artifactKey: Guid(4c146a7e34fd1df40ab37c9a93f103cc) Importer(815301076,1909f56bfc062723c751e8b465ee728b)
Start importing Assets/Scripts/CoinPickUp.cs using Guid(4c146a7e34fd1df40ab37c9a93f103cc) Importer(815301076,1909f56bfc062723c751e8b465ee728b)  -> (artifact id: 'e8c674eabfd0639c3f7c49e556ff51f3') in 0.011341 seconds
  Import took 0.318199 seconds .

========================================================================
Received Prepare
Registering precompiled user dll's ...
Registered in 0.001774 seconds.
Begin MonoManager ReloadAssembly
Native extension for WindowsStandalone target not found
Refreshing native plugins compatible for Editor in 0.39 ms, found 1 plugins.
Preloading 0 native plugins for Editor in 0.00 ms.
Invoked RoslynAnalysisRunner static constructor.
RoslynAnalysisRunner will not be running.
RoslynAnalysisRunner has terminated.
Mono: successfully reloaded assembly
- Completed reload, in  1.460 seconds
Platform modules already initialized, skipping
Refreshing native plugins compatible for Editor in 0.69 ms, found 1 plugins.
Preloading 0 native plugins for Editor in 0.00 ms.
Unloading 1962 Unused Serialized files (Serialized files now loaded: 0)
System memory in use before: 92.0 MB.
System memory in use after: 92.0 MB.

Unloading 13 unused Assets to reduce memory usage. Loaded Objects now: 2460.
Total: 2.921700 ms (FindLiveObjects: 0.488600 ms CreateObjectMapping: 0.170400 ms MarkObjects: 2.085200 ms  DeleteObjects: 0.175200 ms)

========================================================================
Received Import Request.
  Time since last request: 80.200781 seconds.
  path: Assets/Scripts/DialogNPCGuard3.cs
  artifactKey: Guid(3d5a42c5ed793834082214e5ca45ff29) Importer(815301076,1909f56bfc062723c751e8b465ee728b)
Start importing Assets/Scripts/DialogNPCGuard3.cs using Guid(3d5a42c5ed793834082214e5ca45ff29) Importer(815301076,1909f56bfc062723c751e8b465ee728b)  -> (artifact id: 'b11c77e0d38f9bcd183b062d57ba916e') in 0.012627 seconds
  Import took 0.030951 seconds .

========================================================================
Received Import Request.
  Time since last request: 12.874793 seconds.
  path: Assets/Scripts/Guard3Dialog.cs
  artifactKey: Guid(3d5a42c5ed793834082214e5ca45ff29) Importer(815301076,1909f56bfc062723c751e8b465ee728b)
Start importing Assets/Scripts/Guard3Dialog.cs using Guid(3d5a42c5ed793834082214e5ca45ff29) Importer(815301076,1909f56bfc062723c751e8b465ee728b)  -> (artifact id: 'c3eccb709d1ac16e9eb83cb73c99d397') in 0.009067 seconds
  Import took 0.023961 seconds .

========================================================================
Received Prepare
Registering precompiled user dll's ...
Registered in 0.001922 seconds.
Begin MonoManager ReloadAssembly
Native extension for WindowsStandalone target not found
Refreshing native plugins compatible for Editor in 0.52 ms, found 1 plugins.
Preloading 0 native plugins for Editor in 0.00 ms.
Invoked RoslynAnalysisRunner static constructor.
RoslynAnalysisRunner will not be running.
RoslynAnalysisRunner has terminated.
Mono: successfully reloaded assembly
- Completed reload, in  1.917 seconds
Platform modules already initialized, skipping
Refreshing native plugins compatible for Editor in 0.69 ms, found 1 plugins.
Preloading 0 native plugins for Editor in 0.00 ms.
Unloading 1962 Unused Serialized files (Serialized files now loaded: 0)
System memory in use before: 92.0 MB.
System memory in use after: 92.0 MB.

Unloading 13 unused Assets to reduce memory usage. Loaded Objects now: 2464.
Total: 2.816100 ms (FindLiveObjects: 0.219500 ms CreateObjectMapping: 0.111600 ms MarkObjects: 2.354200 ms  DeleteObjects: 0.128800 ms)

========================================================================
Received Prepare
Registering precompiled user dll's ...
Registered in 0.002010 seconds.
Begin MonoManager ReloadAssembly
Native extension for WindowsStandalone target not found
Refreshing native plugins compatible for Editor in 0.42 ms, found 1 plugins.
Preloading 0 native plugins for Editor in 0.00 ms.
Invoked RoslynAnalysisRunner static constructor.
RoslynAnalysisRunner will not be running.
RoslynAnalysisRunner has terminated.
Mono: successfully reloaded assembly
- Completed reload, in  1.578 seconds
Platform modules already initialized, skipping
Refreshing native plugins compatible for Editor in 0.64 ms, found 1 plugins.
Preloading 0 native plugins for Editor in 0.00 ms.
Unloading 1962 Unused Serialized files (Serialized files now loaded: 0)
System memory in use before: 92.0 MB.
System memory in use after: 92.0 MB.

Unloading 13 unused Assets to reduce memory usage. Loaded Objects now: 2468.
Total: 2.757300 ms (FindLiveObjects: 0.342200 ms CreateObjectMapping: 0.118200 ms MarkObjects: 2.148200 ms  DeleteObjects: 0.147700 ms)

========================================================================
Received Prepare
Registering precompiled user dll's ...
Registered in 0.002262 seconds.
Begin MonoManager ReloadAssembly
Native extension for WindowsStandalone target not found
Refreshing native plugins compatible for Editor in 0.50 ms, found 1 plugins.
Preloading 0 native plugins for Editor in 0.00 ms.
Invoked RoslynAnalysisRunner static constructor.
RoslynAnalysisRunner will not be running.
RoslynAnalysisRunner has terminated.
Mono: successfully reloaded assembly
- Completed reload, in  1.633 seconds
Platform modules already initialized, skipping
Refreshing native plugins compatible for Editor in 0.66 ms, found 1 plugins.
Preloading 0 native plugins for Editor in 0.00 ms.
Unloading 1962 Unused Serialized files (Serialized files now loaded: 0)
System memory in use before: 92.0 MB.
System memory in use after: 92.0 MB.

Unloading 13 unused Assets to reduce memory usage. Loaded Objects now: 2472.
Total: 2.364500 ms (FindLiveObjects: 0.189700 ms CreateObjectMapping: 0.102600 ms MarkObjects: 1.949300 ms  DeleteObjects: 0.121700 ms)

========================================================================
Received Import Request.
  Time since last request: 121.157729 seconds.
  path: Assets/Scripts/Guard3Dialog.cs
  artifactKey: Guid(3d5a42c5ed793834082214e5ca45ff29) Importer(815301076,1909f56bfc062723c751e8b465ee728b)
Start importing Assets/Scripts/Guard3Dialog.cs using Guid(3d5a42c5ed793834082214e5ca45ff29) Importer(815301076,1909f56bfc062723c751e8b465ee728b)  -> (artifact id: '7ec90e18ddbdfd8a91c4b79960c32bc4') in 0.010614 seconds
  Import took 0.050963 seconds .

========================================================================
Received Prepare
Registering precompiled user dll's ...
Registered in 0.001834 seconds.
Begin MonoManager ReloadAssembly
Native extension for WindowsStandalone target not found
Refreshing native plugins compatible for Editor in 0.70 ms, found 1 plugins.
Preloading 0 native plugins for Editor in 0.00 ms.
Invoked RoslynAnalysisRunner static constructor.
RoslynAnalysisRunner will not be running.
RoslynAnalysisRunner has terminated.
Mono: successfully reloaded assembly
- Completed reload, in  1.606 seconds
Platform modules already initialized, skipping
Refreshing native plugins compatible for Editor in 0.50 ms, found 1 plugins.
Preloading 0 native plugins for Editor in 0.00 ms.
Unloading 1962 Unused Serialized files (Serialized files now loaded: 0)
System memory in use before: 92.0 MB.
System memory in use after: 92.0 MB.

Unloading 13 unused Assets to reduce memory usage. Loaded Objects now: 2476.
Total: 2.703600 ms (FindLiveObjects: 0.213100 ms CreateObjectMapping: 0.088900 ms MarkObjects: 2.244900 ms  DeleteObjects: 0.155700 ms)

========================================================================
Received Prepare
Registering precompiled user dll's ...
Registered in 0.002058 seconds.
Begin MonoManager ReloadAssembly
Native extension for WindowsStandalone target not found
Refreshing native plugins compatible for Editor in 0.40 ms, found 1 plugins.
Preloading 0 native plugins for Editor in 0.00 ms.
Invoked RoslynAnalysisRunner static constructor.
RoslynAnalysisRunner will not be running.
RoslynAnalysisRunner has terminated.
Mono: successfully reloaded assembly
- Completed reload, in  1.432 seconds
Platform modules already initialized, skipping
Refreshing native plugins compatible for Editor in 0.97 ms, found 1 plugins.
Preloading 0 native plugins for Editor in 0.00 ms.
Unloading 1962 Unused Serialized files (Serialized files now loaded: 0)
System memory in use before: 92.0 MB.
System memory in use after: 92.0 MB.

Unloading 13 unused Assets to reduce memory usage. Loaded Objects now: 2480.
Total: 2.554200 ms (FindLiveObjects: 0.309400 ms CreateObjectMapping: 0.099300 ms MarkObjects: 2.019700 ms  DeleteObjects: 0.124400 ms)

========================================================================
Received Prepare
Registering precompiled user dll's ...
Registered in 0.001919 seconds.
Begin MonoManager ReloadAssembly
Native extension for WindowsStandalone target not found
Refreshing native plugins compatible for Editor in 0.42 ms, found 1 plugins.
Preloading 0 native plugins for Editor in 0.00 ms.
Invoked RoslynAnalysisRunner static constructor.
RoslynAnalysisRunner will not be running.
RoslynAnalysisRunner has terminated.
Mono: successfully reloaded assembly
- Completed reload, in  1.585 seconds
Platform modules already initialized, skipping
Refreshing native plugins compatible for Editor in 0.44 ms, found 1 plugins.
Preloading 0 native plugins for Editor in 0.00 ms.
Unloading 1962 Unused Serialized files (Serialized files now loaded: 0)
System memory in use before: 92.0 MB.
System memory in use after: 92.0 MB.

Unloading 13 unused Assets to reduce memory usage. Loaded Objects now: 2484.
Total: 2.650400 ms (FindLiveObjects: 0.201400 ms CreateObjectMapping: 0.086900 ms MarkObjects: 2.206800 ms  DeleteObjects: 0.154400 ms)

========================================================================
Received Prepare
Registering precompiled user dll's ...
Registered in 0.002510 seconds.
Begin MonoManager ReloadAssembly
Native extension for WindowsStandalone target not found
Refreshing native plugins compatible for Editor in 0.58 ms, found 1 plugins.
Preloading 0 native plugins for Editor in 0.00 ms.
Invoked RoslynAnalysisRunner static constructor.
RoslynAnalysisRunner will not be running.
RoslynAnalysisRunner has terminated.
Mono: successfully reloaded assembly
- Completed reload, in  1.550 seconds
Platform modules already initialized, skipping
Refreshing native plugins compatible for Editor in 0.52 ms, found 1 plugins.
Preloading 0 native plugins for Editor in 0.00 ms.
Unloading 1962 Unused Serialized files (Serialized files now loaded: 0)
System memory in use before: 92.0 MB.
System memory in use after: 92.0 MB.

Unloading 13 unused Assets to reduce memory usage. Loaded Objects now: 2488.
Total: 3.460200 ms (FindLiveObjects: 0.428100 ms CreateObjectMapping: 0.237800 ms MarkObjects: 2.640500 ms  DeleteObjects: 0.152400 ms)

========================================================================
Received Prepare
Registering precompiled user dll's ...
Registered in 0.002624 seconds.
Begin MonoManager ReloadAssembly
Native extension for WindowsStandalone target not found
Refreshing native plugins compatible for Editor in 0.41 ms, found 1 plugins.
Preloading 0 native plugins for Editor in 0.00 ms.
Invoked RoslynAnalysisRunner static constructor.
RoslynAnalysisRunner will not be running.
RoslynAnalysisRunner has terminated.
Mono: successfully reloaded assembly
- Completed reload, in  1.586 seconds
Platform modules already initialized, skipping
Refreshing native plugins compatible for Editor in 0.74 ms, found 1 plugins.
Preloading 0 native plugins for Editor in 0.00 ms.
Unloading 1962 Unused Serialized files (Serialized files now loaded: 0)
System memory in use before: 92.0 MB.
System memory in use after: 92.0 MB.

Unloading 13 unused Assets to reduce memory usage. Loaded Objects now: 2492.
Total: 4.578200 ms (FindLiveObjects: 0.192300 ms CreateObjectMapping: 0.070100 ms MarkObjects: 4.172900 ms  DeleteObjects: 0.141400 ms)

========================================================================
Received Import Request.
  Time since last request: 450.440823 seconds.
  path: Assets/Scripts/Guard3Dialog.cs
  artifactKey: Guid(3d5a42c5ed793834082214e5ca45ff29) Importer(815301076,1909f56bfc062723c751e8b465ee728b)
Start importing Assets/Scripts/Guard3Dialog.cs using Guid(3d5a42c5ed793834082214e5ca45ff29) Importer(815301076,1909f56bfc062723c751e8b465ee728b)  -> (artifact id: '0cb7f3bc25bd4f04c6c84da1c5c410cf') in 0.048325 seconds
  Import took 0.062054 seconds .

========================================================================
Received Import Request.
  Time since last request: 35.016928 seconds.
  path: Assets/Scripts/OldWomanDialog.cs
  artifactKey: Guid(b8ea7b8496e953b408d7ba2998689f0b) Importer(815301076,1909f56bfc062723c751e8b465ee728b)
Start importing Assets/Scripts/OldWomanDialog.cs using Guid(b8ea7b8496e953b408d7ba2998689f0b) Importer(815301076,1909f56bfc062723c751e8b465ee728b)  -> (artifact id: '2ad29bf348d16848911eb87e5e3a35ce') in 0.013963 seconds
  Import took 0.043019 seconds .

========================================================================
Received Prepare
Registering precompiled user dll's ...
Registered in 0.002284 seconds.
Begin MonoManager ReloadAssembly
Native extension for WindowsStandalone target not found
Refreshing native plugins compatible for Editor in 0.51 ms, found 1 plugins.
Preloading 0 native plugins for Editor in 0.00 ms.
Invoked RoslynAnalysisRunner static constructor.
RoslynAnalysisRunner will not be running.
RoslynAnalysisRunner has terminated.
Mono: successfully reloaded assembly
- Completed reload, in  1.385 seconds
Platform modules already initialized, skipping
Refreshing native plugins compatible for Editor in 0.51 ms, found 1 plugins.
Preloading 0 native plugins for Editor in 0.00 ms.
Unloading 1963 Unused Serialized files (Serialized files now loaded: 0)
System memory in use before: 92.1 MB.
System memory in use after: 92.1 MB.

Unloading 13 unused Assets to reduce memory usage. Loaded Objects now: 2497.
Total: 2.513100 ms (FindLiveObjects: 0.201000 ms CreateObjectMapping: 0.083400 ms MarkObjects: 2.086000 ms  DeleteObjects: 0.141000 ms)

========================================================================
Received Prepare
Registering precompiled user dll's ...
Registered in 0.001948 seconds.
Begin MonoManager ReloadAssembly
Native extension for WindowsStandalone target not found
Refreshing native plugins compatible for Editor in 0.42 ms, found 1 plugins.
Preloading 0 native plugins for Editor in 0.00 ms.
Invoked RoslynAnalysisRunner static constructor.
RoslynAnalysisRunner will not be running.
RoslynAnalysisRunner has terminated.
Mono: successfully reloaded assembly
- Completed reload, in  1.789 seconds
Platform modules already initialized, skipping
Refreshing native plugins compatible for Editor in 0.64 ms, found 1 plugins.
Preloading 0 native plugins for Editor in 0.00 ms.
Unloading 1963 Unused Serialized files (Serialized files now loaded: 0)
System memory in use before: 92.1 MB.
System memory in use after: 92.1 MB.

Unloading 13 unused Assets to reduce memory usage. Loaded Objects now: 2501.
Total: 3.014700 ms (FindLiveObjects: 0.298900 ms CreateObjectMapping: 0.105000 ms MarkObjects: 2.375600 ms  DeleteObjects: 0.233200 ms)

========================================================================
Received Import Request.
  Time since last request: 191.430650 seconds.
  path: Assets/Scripts/OldWomanDialog.cs
  artifactKey: Guid(b8ea7b8496e953b408d7ba2998689f0b) Importer(815301076,1909f56bfc062723c751e8b465ee728b)
Start importing Assets/Scripts/OldWomanDialog.cs using Guid(b8ea7b8496e953b408d7ba2998689f0b) Importer(815301076,1909f56bfc062723c751e8b465ee728b)  -> (artifact id: 'df4f9d0222ef7f1504ed5e6e2290befa') in 0.014028 seconds
  Import took 0.028871 seconds .

========================================================================
Received Prepare
Registering precompiled user dll's ...
Registered in 0.002283 seconds.
Begin MonoManager ReloadAssembly
Native extension for WindowsStandalone target not found
Refreshing native plugins compatible for Editor in 0.54 ms, found 1 plugins.
Preloading 0 native plugins for Editor in 0.00 ms.
Invoked RoslynAnalysisRunner static constructor.
RoslynAnalysisRunner will not be running.
RoslynAnalysisRunner has terminated.
Mono: successfully reloaded assembly
- Completed reload, in  1.558 seconds
Platform modules already initialized, skipping
Refreshing native plugins compatible for Editor in 0.41 ms, found 1 plugins.
Preloading 0 native plugins for Editor in 0.00 ms.
Unloading 1963 Unused Serialized files (Serialized files now loaded: 0)
System memory in use before: 92.1 MB.
System memory in use after: 92.1 MB.

Unloading 13 unused Assets to reduce memory usage. Loaded Objects now: 2505.
Total: 2.932000 ms (FindLiveObjects: 0.316800 ms CreateObjectMapping: 0.136800 ms MarkObjects: 2.256500 ms  DeleteObjects: 0.220700 ms)

========================================================================
Received Prepare
Registering precompiled user dll's ...
Registered in 0.003239 seconds.
Begin MonoManager ReloadAssembly
Native extension for WindowsStandalone target not found
Refreshing native plugins compatible for Editor in 0.82 ms, found 1 plugins.
Preloading 0 native plugins for Editor in 0.00 ms.
Invoked RoslynAnalysisRunner static constructor.
RoslynAnalysisRunner will not be running.
RoslynAnalysisRunner has terminated.
Mono: successfully reloaded assembly
- Completed reload, in  1.563 seconds
Platform modules already initialized, skipping
Refreshing native plugins compatible for Editor in 0.64 ms, found 1 plugins.
Preloading 0 native plugins for Editor in 0.00 ms.
Unloading 1963 Unused Serialized files (Serialized files now loaded: 0)
System memory in use before: 92.1 MB.
System memory in use after: 92.1 MB.

Unloading 13 unused Assets to reduce memory usage. Loaded Objects now: 2509.
Total: 3.344700 ms (FindLiveObjects: 0.315100 ms CreateObjectMapping: 0.268200 ms MarkObjects: 2.618900 ms  DeleteObjects: 0.140900 ms)

========================================================================
Received Prepare
Registering precompiled user dll's ...
Registered in 0.002135 seconds.
Begin MonoManager ReloadAssembly
Native extension for WindowsStandalone target not found
Refreshing native plugins compatible for Editor in 0.43 ms, found 1 plugins.
Preloading 0 native plugins for Editor in 0.00 ms.
Invoked RoslynAnalysisRunner static constructor.
RoslynAnalysisRunner will not be running.
RoslynAnalysisRunner has terminated.
Mono: successfully reloaded assembly
- Completed reload, in  1.537 seconds
Platform modules already initialized, skipping
Refreshing native plugins compatible for Editor in 0.51 ms, found 1 plugins.
Preloading 0 native plugins for Editor in 0.00 ms.
Unloading 1964 Unused Serialized files (Serialized files now loaded: 0)
System memory in use before: 92.1 MB.
System memory in use after: 92.1 MB.

Unloading 13 unused Assets to reduce memory usage. Loaded Objects now: 2514.
Total: 2.426100 ms (FindLiveObjects: 0.278100 ms CreateObjectMapping: 0.086300 ms MarkObjects: 1.933500 ms  DeleteObjects: 0.127200 ms)

========================================================================
Received Prepare
Registering precompiled user dll's ...
Registered in 0.001873 seconds.
Begin MonoManager ReloadAssembly
Native extension for WindowsStandalone target not found
Refreshing native plugins compatible for Editor in 0.64 ms, found 1 plugins.
Preloading 0 native plugins for Editor in 0.00 ms.
Invoked RoslynAnalysisRunner static constructor.
RoslynAnalysisRunner will not be running.
RoslynAnalysisRunner has terminated.
Mono: successfully reloaded assembly
- Completed reload, in  1.598 seconds
Platform modules already initialized, skipping
Refreshing native plugins compatible for Editor in 0.62 ms, found 1 plugins.
Preloading 0 native plugins for Editor in 0.00 ms.
Unloading 1964 Unused Serialized files (Serialized files now loaded: 0)
System memory in use before: 92.1 MB.
System memory in use after: 92.1 MB.

Unloading 13 unused Assets to reduce memory usage. Loaded Objects now: 2518.
Total: 2.545100 ms (FindLiveObjects: 0.345000 ms CreateObjectMapping: 0.144400 ms MarkObjects: 1.918100 ms  DeleteObjects: 0.136600 ms)

========================================================================
Received Prepare
Registering precompiled user dll's ...
Registered in 0.001793 seconds.
Begin MonoManager ReloadAssembly
Native extension for WindowsStandalone target not found
Refreshing native plugins compatible for Editor in 0.39 ms, found 1 plugins.
Preloading 0 native plugins for Editor in 0.00 ms.
Invoked RoslynAnalysisRunner static constructor.
RoslynAnalysisRunner will not be running.
RoslynAnalysisRunner has terminated.
Mono: successfully reloaded assembly
- Completed reload, in  1.729 seconds
Platform modules already initialized, skipping
Refreshing native plugins compatible for Editor in 0.43 ms, found 1 plugins.
Preloading 0 native plugins for Editor in 0.00 ms.
Unloading 1964 Unused Serialized files (Serialized files now loaded: 0)
System memory in use before: 92.1 MB.
System memory in use after: 92.1 MB.

Unloading 13 unused Assets to reduce memory usage. Loaded Objects now: 2522.
Total: 3.059700 ms (FindLiveObjects: 0.249400 ms CreateObjectMapping: 0.108800 ms MarkObjects: 2.495700 ms  DeleteObjects: 0.202800 ms)

========================================================================
Received Import Request.
  Time since last request: 281.601346 seconds.
  path: Assets/Scripts/OldWomanDialog.cs
  artifactKey: Guid(b8ea7b8496e953b408d7ba2998689f0b) Importer(815301076,1909f56bfc062723c751e8b465ee728b)
Start importing Assets/Scripts/OldWomanDialog.cs using Guid(b8ea7b8496e953b408d7ba2998689f0b) Importer(815301076,1909f56bfc062723c751e8b465ee728b)  -> (artifact id: '91722637e42588ac48eb9c3fbba846ec') in 0.012641 seconds
  Import took 0.017549 seconds .

========================================================================
Received Import Request.
  Time since last request: 10.312020 seconds.
  path: Assets/Scripts/ManDialog.cs
  artifactKey: Guid(173c6fe05eb40db43843a959a620828f) Importer(815301076,1909f56bfc062723c751e8b465ee728b)
Start importing Assets/Scripts/ManDialog.cs using Guid(173c6fe05eb40db43843a959a620828f) Importer(815301076,1909f56bfc062723c751e8b465ee728b)  -> (artifact id: 'daebc876043cae3a78ac1124255a76d6') in 0.009421 seconds
  Import took 0.013420 seconds .

========================================================================
Received Prepare
Registering precompiled user dll's ...
Registered in 0.002743 seconds.
Begin MonoManager ReloadAssembly
Native extension for WindowsStandalone target not found
Refreshing native plugins compatible for Editor in 0.51 ms, found 1 plugins.
Preloading 0 native plugins for Editor in 0.00 ms.
Invoked RoslynAnalysisRunner static constructor.
RoslynAnalysisRunner will not be running.
RoslynAnalysisRunner has terminated.
Mono: successfully reloaded assembly
- Completed reload, in  1.598 seconds
Platform modules already initialized, skipping
Refreshing native plugins compatible for Editor in 0.61 ms, found 1 plugins.
Preloading 0 native plugins for Editor in 0.00 ms.
Unloading 1964 Unused Serialized files (Serialized files now loaded: 0)
System memory in use before: 92.2 MB.
System memory in use after: 92.1 MB.

Unloading 13 unused Assets to reduce memory usage. Loaded Objects now: 2526.
Total: 2.383500 ms (FindLiveObjects: 0.257100 ms CreateObjectMapping: 0.090400 ms MarkObjects: 1.889700 ms  DeleteObjects: 0.145400 ms)

========================================================================
Received Import Request.
  Time since last request: 157.783561 seconds.
  path: Assets/Scripts/ManDialog.cs
  artifactKey: Guid(173c6fe05eb40db43843a959a620828f) Importer(815301076,1909f56bfc062723c751e8b465ee728b)
Start importing Assets/Scripts/ManDialog.cs using Guid(173c6fe05eb40db43843a959a620828f) Importer(815301076,1909f56bfc062723c751e8b465ee728b)  -> (artifact id: '5c76ea80342b071db227321af197f1f9') in 0.012233 seconds
  Import took 0.016002 seconds .

========================================================================
Received Prepare
Registering precompiled user dll's ...
Registered in 0.002375 seconds.
Begin MonoManager ReloadAssembly
Native extension for WindowsStandalone target not found
Refreshing native plugins compatible for Editor in 0.46 ms, found 1 plugins.
Preloading 0 native plugins for Editor in 0.00 ms.
Invoked RoslynAnalysisRunner static constructor.
RoslynAnalysisRunner will not be running.
RoslynAnalysisRunner has terminated.
Mono: successfully reloaded assembly
- Completed reload, in  1.559 seconds
Platform modules already initialized, skipping
Refreshing native plugins compatible for Editor in 0.48 ms, found 1 plugins.
Preloading 0 native plugins for Editor in 0.00 ms.
Unloading 1964 Unused Serialized files (Serialized files now loaded: 0)
System memory in use before: 92.2 MB.
System memory in use after: 92.1 MB.

Unloading 13 unused Assets to reduce memory usage. Loaded Objects now: 2530.
Total: 4.159400 ms (FindLiveObjects: 0.229700 ms CreateObjectMapping: 0.120500 ms MarkObjects: 3.675000 ms  DeleteObjects: 0.132600 ms)

========================================================================
Received Prepare
Registering precompiled user dll's ...
Registered in 0.001987 seconds.
Begin MonoManager ReloadAssembly
Native extension for WindowsStandalone target not found
Refreshing native plugins compatible for Editor in 0.65 ms, found 1 plugins.
Preloading 0 native plugins for Editor in 0.00 ms.
Invoked RoslynAnalysisRunner static constructor.
RoslynAnalysisRunner will not be running.
RoslynAnalysisRunner has terminated.
Mono: successfully reloaded assembly
- Completed reload, in  1.542 seconds
Platform modules already initialized, skipping
Refreshing native plugins compatible for Editor in 0.49 ms, found 1 plugins.
Preloading 0 native plugins for Editor in 0.00 ms.
Unloading 1964 Unused Serialized files (Serialized files now loaded: 0)
System memory in use before: 92.2 MB.
System memory in use after: 92.2 MB.

Unloading 13 unused Assets to reduce memory usage. Loaded Objects now: 2534.
Total: 2.877000 ms (FindLiveObjects: 0.313700 ms CreateObjectMapping: 0.097000 ms MarkObjects: 2.284100 ms  DeleteObjects: 0.180700 ms)

========================================================================
Received Prepare
Registering precompiled user dll's ...
Registered in 0.002113 seconds.
Begin MonoManager ReloadAssembly
Native extension for WindowsStandalone target not found
Refreshing native plugins compatible for Editor in 0.59 ms, found 1 plugins.
Preloading 0 native plugins for Editor in 0.00 ms.
Invoked RoslynAnalysisRunner static constructor.
RoslynAnalysisRunner will not be running.
RoslynAnalysisRunner has terminated.
Mono: successfully reloaded assembly
- Completed reload, in  1.910 seconds
Platform modules already initialized, skipping
Refreshing native plugins compatible for Editor in 0.40 ms, found 1 plugins.
Preloading 0 native plugins for Editor in 0.00 ms.
Unloading 1965 Unused Serialized files (Serialized files now loaded: 0)
System memory in use before: 92.2 MB.
System memory in use after: 92.2 MB.

Unloading 13 unused Assets to reduce memory usage. Loaded Objects now: 2539.
Total: 2.713300 ms (FindLiveObjects: 0.238500 ms CreateObjectMapping: 0.098800 ms MarkObjects: 2.120700 ms  DeleteObjects: 0.253700 ms)

========================================================================
Received Import Request.
  Time since last request: 97.041945 seconds.
  path: Assets/Scripts/Guard1Dialog.cs
  artifactKey: Guid(ff9b4dbf71c84f04ea458667d10dcd13) Importer(815301076,1909f56bfc062723c751e8b465ee728b)
Start importing Assets/Scripts/Guard1Dialog.cs using Guid(ff9b4dbf71c84f04ea458667d10dcd13) Importer(815301076,1909f56bfc062723c751e8b465ee728b)  -> (artifact id: '1071c845878702669a87dd7091fa0d0c') in 0.012252 seconds
  Import took 0.098377 seconds .

========================================================================
Received Prepare
Registering precompiled user dll's ...
Registered in 0.001923 seconds.
Begin MonoManager ReloadAssembly
Native extension for WindowsStandalone target not found
Refreshing native plugins compatible for Editor in 0.50 ms, found 1 plugins.
Preloading 0 native plugins for Editor in 0.00 ms.
Invoked RoslynAnalysisRunner static constructor.
RoslynAnalysisRunner will not be running.
RoslynAnalysisRunner has terminated.
Mono: successfully reloaded assembly
- Completed reload, in  1.642 seconds
Platform modules already initialized, skipping
Refreshing native plugins compatible for Editor in 0.47 ms, found 1 plugins.
Preloading 0 native plugins for Editor in 0.00 ms.
Unloading 1965 Unused Serialized files (Serialized files now loaded: 0)
System memory in use before: 92.2 MB.
System memory in use after: 92.2 MB.

Unloading 13 unused Assets to reduce memory usage. Loaded Objects now: 2543.
Total: 5.502300 ms (FindLiveObjects: 0.446000 ms CreateObjectMapping: 0.145800 ms MarkObjects: 4.789200 ms  DeleteObjects: 0.119400 ms)

========================================================================
Received Prepare
Registering precompiled user dll's ...
Registered in 0.002301 seconds.
Begin MonoManager ReloadAssembly
Native extension for WindowsStandalone target not found
Refreshing native plugins compatible for Editor in 0.43 ms, found 1 plugins.
Preloading 0 native plugins for Editor in 0.00 ms.
Invoked RoslynAnalysisRunner static constructor.
RoslynAnalysisRunner will not be running.
RoslynAnalysisRunner has terminated.
Mono: successfully reloaded assembly
- Completed reload, in  1.548 seconds
Platform modules already initialized, skipping
Refreshing native plugins compatible for Editor in 0.61 ms, found 1 plugins.
Preloading 0 native plugins for Editor in 0.00 ms.
Unloading 1965 Unused Serialized files (Serialized files now loaded: 0)
System memory in use before: 92.2 MB.
System memory in use after: 92.2 MB.

Unloading 13 unused Assets to reduce memory usage. Loaded Objects now: 2547.
Total: 3.101200 ms (FindLiveObjects: 0.230300 ms CreateObjectMapping: 0.102000 ms MarkObjects: 2.612100 ms  DeleteObjects: 0.155000 ms)

========================================================================
Received Import Request.
  Time since last request: 111.060536 seconds.
  path: Assets/Scripts/Guard1Dialog.cs
  artifactKey: Guid(ff9b4dbf71c84f04ea458667d10dcd13) Importer(815301076,1909f56bfc062723c751e8b465ee728b)
Start importing Assets/Scripts/Guard1Dialog.cs using Guid(ff9b4dbf71c84f04ea458667d10dcd13) Importer(815301076,1909f56bfc062723c751e8b465ee728b)  -> (artifact id: 'a157b209d85b627cb39240304990f364') in 0.012086 seconds
  Import took 0.016873 seconds .

========================================================================
Received Prepare
Registering precompiled user dll's ...
Registered in 0.001816 seconds.
Begin MonoManager ReloadAssembly
Native extension for WindowsStandalone target not found
Refreshing native plugins compatible for Editor in 0.53 ms, found 1 plugins.
Preloading 0 native plugins for Editor in 0.00 ms.
Invoked RoslynAnalysisRunner static constructor.
RoslynAnalysisRunner will not be running.
RoslynAnalysisRunner has terminated.
Mono: successfully reloaded assembly
- Completed reload, in  1.674 seconds
Platform modules already initialized, skipping
Refreshing native plugins compatible for Editor in 0.52 ms, found 1 plugins.
Preloading 0 native plugins for Editor in 0.00 ms.
Unloading 1965 Unused Serialized files (Serialized files now loaded: 0)
System memory in use before: 92.2 MB.
System memory in use after: 92.2 MB.

Unloading 13 unused Assets to reduce memory usage. Loaded Objects now: 2551.
Total: 2.440900 ms (FindLiveObjects: 0.220000 ms CreateObjectMapping: 0.100600 ms MarkObjects: 2.005000 ms  DeleteObjects: 0.113800 ms)

========================================================================
Received Import Request.
  Time since last request: 209.920235 seconds.
  path: Assets/Scripts/WoodcutterDialog.cs
  artifactKey: Guid(9ff9103ff33d12043a19c3d3c9c8904a) Importer(815301076,1909f56bfc062723c751e8b465ee728b)
Start importing Assets/Scripts/WoodcutterDialog.cs using Guid(9ff9103ff33d12043a19c3d3c9c8904a) Importer(815301076,1909f56bfc062723c751e8b465ee728b)  -> (artifact id: '432cf6123dd854709fc864d1c7095d7e') in 0.018235 seconds
  Import took 0.050274 seconds .

========================================================================
Received Prepare
Registering precompiled user dll's ...
Registered in 0.002038 seconds.
Begin MonoManager ReloadAssembly
Native extension for WindowsStandalone target not found
Refreshing native plugins compatible for Editor in 0.45 ms, found 1 plugins.
Preloading 0 native plugins for Editor in 0.00 ms.
Invoked RoslynAnalysisRunner static constructor.
RoslynAnalysisRunner will not be running.
RoslynAnalysisRunner has terminated.
Mono: successfully reloaded assembly
- Completed reload, in  1.621 seconds
Platform modules already initialized, skipping
Refreshing native plugins compatible for Editor in 0.41 ms, found 1 plugins.
Preloading 0 native plugins for Editor in 0.00 ms.
Unloading 1966 Unused Serialized files (Serialized files now loaded: 0)
System memory in use before: 92.3 MB.
System memory in use after: 92.3 MB.

Unloading 13 unused Assets to reduce memory usage. Loaded Objects now: 2556.
Total: 2.253900 ms (FindLiveObjects: 0.254000 ms CreateObjectMapping: 0.085500 ms MarkObjects: 1.760100 ms  DeleteObjects: 0.151200 ms)

========================================================================
Received Prepare
Registering precompiled user dll's ...
Registered in 0.002519 seconds.
Begin MonoManager ReloadAssembly
Native extension for WindowsStandalone target not found
Refreshing native plugins compatible for Editor in 0.48 ms, found 1 plugins.
Preloading 0 native plugins for Editor in 0.00 ms.
Invoked RoslynAnalysisRunner static constructor.
RoslynAnalysisRunner will not be running.
RoslynAnalysisRunner has terminated.
Mono: successfully reloaded assembly
- Completed reload, in  1.541 seconds
Platform modules already initialized, skipping
Refreshing native plugins compatible for Editor in 0.40 ms, found 1 plugins.
Preloading 0 native plugins for Editor in 0.00 ms.
Unloading 1966 Unused Serialized files (Serialized files now loaded: 0)
System memory in use before: 92.3 MB.
System memory in use after: 92.3 MB.

Unloading 13 unused Assets to reduce memory usage. Loaded Objects now: 2560.
Total: 2.334000 ms (FindLiveObjects: 0.240500 ms CreateObjectMapping: 0.121200 ms MarkObjects: 1.819100 ms  DeleteObjects: 0.151900 ms)

========================================================================
Received Import Request.
  Time since last request: 197.455316 seconds.
  path: Assets/Scripts/WoodcutterDialog.cs
  artifactKey: Guid(9ff9103ff33d12043a19c3d3c9c8904a) Importer(815301076,1909f56bfc062723c751e8b465ee728b)
Start importing Assets/Scripts/WoodcutterDialog.cs using Guid(9ff9103ff33d12043a19c3d3c9c8904a) Importer(815301076,1909f56bfc062723c751e8b465ee728b)  -> (artifact id: 'c8108eab12a35144eda0e97b748f8b6b') in 0.010332 seconds
  Import took 0.030300 seconds .

========================================================================
Received Prepare
Registering precompiled user dll's ...
Registered in 0.001829 seconds.
Begin MonoManager ReloadAssembly
Native extension for WindowsStandalone target not found
Refreshing native plugins compatible for Editor in 0.40 ms, found 1 plugins.
Preloading 0 native plugins for Editor in 0.00 ms.
Invoked RoslynAnalysisRunner static constructor.
RoslynAnalysisRunner will not be running.
RoslynAnalysisRunner has terminated.
Mono: successfully reloaded assembly
- Completed reload, in  1.481 seconds
Platform modules already initialized, skipping
Refreshing native plugins compatible for Editor in 0.68 ms, found 1 plugins.
Preloading 0 native plugins for Editor in 0.00 ms.
Unloading 1966 Unused Serialized files (Serialized files now loaded: 0)
System memory in use before: 92.3 MB.
System memory in use after: 92.3 MB.

Unloading 13 unused Assets to reduce memory usage. Loaded Objects now: 2564.
Total: 2.637500 ms (FindLiveObjects: 0.371700 ms CreateObjectMapping: 0.157700 ms MarkObjects: 1.981100 ms  DeleteObjects: 0.125600 ms)

========================================================================
Received Prepare
Registering precompiled user dll's ...
Registered in 0.002667 seconds.
Begin MonoManager ReloadAssembly
Native extension for WindowsStandalone target not found
Refreshing native plugins compatible for Editor in 0.56 ms, found 1 plugins.
Preloading 0 native plugins for Editor in 0.00 ms.
Invoked RoslynAnalysisRunner static constructor.
RoslynAnalysisRunner will not be running.
RoslynAnalysisRunner has terminated.
Mono: successfully reloaded assembly
- Completed reload, in  1.460 seconds
Platform modules already initialized, skipping
Refreshing native plugins compatible for Editor in 0.69 ms, found 1 plugins.
Preloading 0 native plugins for Editor in 0.00 ms.
Unloading 1966 Unused Serialized files (Serialized files now loaded: 0)
System memory in use before: 92.3 MB.
System memory in use after: 92.3 MB.

Unloading 13 unused Assets to reduce memory usage. Loaded Objects now: 2568.
Total: 2.327200 ms (FindLiveObjects: 0.225700 ms CreateObjectMapping: 0.096000 ms MarkObjects: 1.881400 ms  DeleteObjects: 0.122700 ms)

========================================================================
Received Import Request.
  Time since last request: 254.096660 seconds.
  path: Assets/Scripts/WomanDialog.cs
  artifactKey: Guid(1563d8eae2bed5347b858f62fa6800ec) Importer(815301076,1909f56bfc062723c751e8b465ee728b)
Start importing Assets/Scripts/WomanDialog.cs using Guid(1563d8eae2bed5347b858f62fa6800ec) Importer(815301076,1909f56bfc062723c751e8b465ee728b)  -> (artifact id: '32957517f3faffaa10ab72db310e9f86') in 0.016440 seconds
  Import took 0.040446 seconds .

========================================================================
Received Import Request.
  Time since last request: 0.001049 seconds.
  path: Assets/Scripts/WomanDialog.cs
  artifactKey: Guid(1563d8eae2bed5347b858f62fa6800ec) Importer(815301076,1909f56bfc062723c751e8b465ee728b)
Start importing Assets/Scripts/WomanDialog.cs using Guid(1563d8eae2bed5347b858f62fa6800ec) Importer(815301076,1909f56bfc062723c751e8b465ee728b)  -> (artifact id: '32957517f3faffaa10ab72db310e9f86') in 0.009541 seconds
  Import took 0.014876 seconds .

========================================================================
Received Prepare
Registering precompiled user dll's ...
Registered in 0.001831 seconds.
Begin MonoManager ReloadAssembly
Native extension for WindowsStandalone target not found
Refreshing native plugins compatible for Editor in 0.39 ms, found 1 plugins.
Preloading 0 native plugins for Editor in 0.00 ms.
Invoked RoslynAnalysisRunner static constructor.
RoslynAnalysisRunner will not be running.
RoslynAnalysisRunner has terminated.
Mono: successfully reloaded assembly
- Completed reload, in  1.628 seconds
Platform modules already initialized, skipping
Refreshing native plugins compatible for Editor in 0.65 ms, found 1 plugins.
Preloading 0 native plugins for Editor in 0.00 ms.
Unloading 1967 Unused Serialized files (Serialized files now loaded: 0)
System memory in use before: 92.3 MB.
System memory in use after: 92.3 MB.

Unloading 13 unused Assets to reduce memory usage. Loaded Objects now: 2573.
Total: 2.723800 ms (FindLiveObjects: 0.339100 ms CreateObjectMapping: 0.109200 ms MarkObjects: 2.149800 ms  DeleteObjects: 0.124400 ms)

========================================================================
Received Prepare
Registering precompiled user dll's ...
Registered in 0.001764 seconds.
Begin MonoManager ReloadAssembly
Native extension for WindowsStandalone target not found
Refreshing native plugins compatible for Editor in 0.41 ms, found 1 plugins.
Preloading 0 native plugins for Editor in 0.00 ms.
Invoked RoslynAnalysisRunner static constructor.
RoslynAnalysisRunner will not be running.
RoslynAnalysisRunner has terminated.
Mono: successfully reloaded assembly
- Completed reload, in  1.744 seconds
Platform modules already initialized, skipping
Refreshing native plugins compatible for Editor in 0.40 ms, found 1 plugins.
Preloading 0 native plugins for Editor in 0.00 ms.
Unloading 1967 Unused Serialized files (Serialized files now loaded: 0)
System memory in use before: 92.3 MB.
System memory in use after: 92.3 MB.

Unloading 13 unused Assets to reduce memory usage. Loaded Objects now: 2577.
Total: 3.165400 ms (FindLiveObjects: 0.385500 ms CreateObjectMapping: 0.163100 ms MarkObjects: 2.323900 ms  DeleteObjects: 0.291200 ms)

========================================================================
Received Import Request.
  Time since last request: 276.020829 seconds.
  path: Assets/Scripts/WomanDialog.cs
  artifactKey: Guid(1563d8eae2bed5347b858f62fa6800ec) Importer(815301076,1909f56bfc062723c751e8b465ee728b)
Start importing Assets/Scripts/WomanDialog.cs using Guid(1563d8eae2bed5347b858f62fa6800ec) Importer(815301076,1909f56bfc062723c751e8b465ee728b)  -> (artifact id: 'a53d37e8234af2df42d679c898a3980b') in 0.012222 seconds
  Import took 0.039589 seconds .

========================================================================
Received Prepare
Registering precompiled user dll's ...
Registered in 0.002858 seconds.
Begin MonoManager ReloadAssembly
Native extension for WindowsStandalone target not found
Refreshing native plugins compatible for Editor in 1.95 ms, found 1 plugins.
Preloading 0 native plugins for Editor in 0.00 ms.
Invoked RoslynAnalysisRunner static constructor.
RoslynAnalysisRunner will not be running.
RoslynAnalysisRunner has terminated.
Mono: successfully reloaded assembly
- Completed reload, in  1.625 seconds
Platform modules already initialized, skipping
Refreshing native plugins compatible for Editor in 0.79 ms, found 1 plugins.
Preloading 0 native plugins for Editor in 0.00 ms.
Unloading 1967 Unused Serialized files (Serialized files now loaded: 0)
System memory in use before: 92.3 MB.
System memory in use after: 92.3 MB.

Unloading 13 unused Assets to reduce memory usage. Loaded Objects now: 2581.
Total: 2.656400 ms (FindLiveObjects: 0.421400 ms CreateObjectMapping: 0.205700 ms MarkObjects: 1.905900 ms  DeleteObjects: 0.121900 ms)

========================================================================
Received Import Request.
  Time since last request: 161.650790 seconds.
  path: Assets/Scripts/Guard2Dialog.cs
  artifactKey: Guid(c23095b4eb6fd7642bba9a5c50e593b8) Importer(815301076,1909f56bfc062723c751e8b465ee728b)
Start importing Assets/Scripts/Guard2Dialog.cs using Guid(c23095b4eb6fd7642bba9a5c50e593b8) Importer(815301076,1909f56bfc062723c751e8b465ee728b)  -> (artifact id: '7904254ed32503a10d98ab21b27a2d65') in 0.017993 seconds
  Import took 0.065973 seconds .

========================================================================
Received Prepare
Registering precompiled user dll's ...
Registered in 0.001715 seconds.
Begin MonoManager ReloadAssembly
Native extension for WindowsStandalone target not found
Refreshing native plugins compatible for Editor in 0.47 ms, found 1 plugins.
Preloading 0 native plugins for Editor in 0.00 ms.
Invoked RoslynAnalysisRunner static constructor.
RoslynAnalysisRunner will not be running.
RoslynAnalysisRunner has terminated.
Mono: successfully reloaded assembly
- Completed reload, in  1.561 seconds
Platform modules already initialized, skipping
Refreshing native plugins compatible for Editor in 0.43 ms, found 1 plugins.
Preloading 0 native plugins for Editor in 0.00 ms.
Unloading 1968 Unused Serialized files (Serialized files now loaded: 0)
System memory in use before: 92.4 MB.
System memory in use after: 92.4 MB.

Unloading 13 unused Assets to reduce memory usage. Loaded Objects now: 2586.
Total: 2.843800 ms (FindLiveObjects: 0.226500 ms CreateObjectMapping: 0.108400 ms MarkObjects: 2.350900 ms  DeleteObjects: 0.156600 ms)

========================================================================
Received Prepare
Registering precompiled user dll's ...
Registered in 0.002208 seconds.
Begin MonoManager ReloadAssembly
Native extension for WindowsStandalone target not found
Refreshing native plugins compatible for Editor in 0.45 ms, found 1 plugins.
Preloading 0 native plugins for Editor in 0.00 ms.
Invoked RoslynAnalysisRunner static constructor.
RoslynAnalysisRunner will not be running.
RoslynAnalysisRunner has terminated.
Mono: successfully reloaded assembly
- Completed reload, in  1.542 seconds
Platform modules already initialized, skipping
Refreshing native plugins compatible for Editor in 0.77 ms, found 1 plugins.
Preloading 0 native plugins for Editor in 0.00 ms.
Unloading 1968 Unused Serialized files (Serialized files now loaded: 0)
System memory in use before: 92.4 MB.
System memory in use after: 92.4 MB.

Unloading 13 unused Assets to reduce memory usage. Loaded Objects now: 2590.
Total: 4.327600 ms (FindLiveObjects: 0.410100 ms CreateObjectMapping: 0.273700 ms MarkObjects: 3.485100 ms  DeleteObjects: 0.156700 ms)

========================================================================
Received Import Request.
  Time since last request: 150.798047 seconds.
  path: Assets/Scripts/Guard2Dialog.cs
  artifactKey: Guid(c23095b4eb6fd7642bba9a5c50e593b8) Importer(815301076,1909f56bfc062723c751e8b465ee728b)
Start importing Assets/Scripts/Guard2Dialog.cs using Guid(c23095b4eb6fd7642bba9a5c50e593b8) Importer(815301076,1909f56bfc062723c751e8b465ee728b)  -> (artifact id: 'e20115152b617ca78878f237855d96d4') in 0.020537 seconds
  Import took 0.069756 seconds .

========================================================================
Received Prepare
Registering precompiled user dll's ...
Registered in 0.002717 seconds.
Begin MonoManager ReloadAssembly
Native extension for WindowsStandalone target not found
Refreshing native plugins compatible for Editor in 0.65 ms, found 1 plugins.
Preloading 0 native plugins for Editor in 0.00 ms.
Invoked RoslynAnalysisRunner static constructor.
RoslynAnalysisRunner will not be running.
RoslynAnalysisRunner has terminated.
Mono: successfully reloaded assembly
- Completed reload, in  1.921 seconds
Platform modules already initialized, skipping
Refreshing native plugins compatible for Editor in 0.77 ms, found 1 plugins.
Preloading 0 native plugins for Editor in 0.00 ms.
Unloading 1969 Unused Serialized files (Serialized files now loaded: 0)
System memory in use before: 92.4 MB.
System memory in use after: 92.4 MB.

Unloading 13 unused Assets to reduce memory usage. Loaded Objects now: 2595.
Total: 3.592500 ms (FindLiveObjects: 0.228000 ms CreateObjectMapping: 0.099800 ms MarkObjects: 3.118500 ms  DeleteObjects: 0.144500 ms)

========================================================================
Received Import Request.
  Time since last request: 126.901517 seconds.
  path: Assets/Scripts/OldManDialog.cs
  artifactKey: Guid(770f12f1605be2845b6933e209d04533) Importer(815301076,1909f56bfc062723c751e8b465ee728b)
Start importing Assets/Scripts/OldManDialog.cs using Guid(770f12f1605be2845b6933e209d04533) Importer(815301076,1909f56bfc062723c751e8b465ee728b)  -> (artifact id: '0a3a3a9bb71cbddd0e401c89f0d22c1a') in 0.055432 seconds
  Import took 0.070476 seconds .

========================================================================
Received Prepare
Registering precompiled user dll's ...
Registered in 0.002788 seconds.
Begin MonoManager ReloadAssembly
Native extension for WindowsStandalone target not found
Refreshing native plugins compatible for Editor in 0.51 ms, found 1 plugins.
Preloading 0 native plugins for Editor in 0.00 ms.
Invoked RoslynAnalysisRunner static constructor.
RoslynAnalysisRunner will not be running.
RoslynAnalysisRunner has terminated.
Mono: successfully reloaded assembly
- Completed reload, in  1.686 seconds
Platform modules already initialized, skipping
Refreshing native plugins compatible for Editor in 0.44 ms, found 1 plugins.
Preloading 0 native plugins for Editor in 0.00 ms.
Unloading 1969 Unused Serialized files (Serialized files now loaded: 0)
System memory in use before: 92.4 MB.
System memory in use after: 92.4 MB.

Unloading 13 unused Assets to reduce memory usage. Loaded Objects now: 2599.
Total: 2.643300 ms (FindLiveObjects: 0.330200 ms CreateObjectMapping: 0.129000 ms MarkObjects: 2.007600 ms  DeleteObjects: 0.175200 ms)

========================================================================
Received Prepare
Registering precompiled user dll's ...
Registered in 0.002273 seconds.
Begin MonoManager ReloadAssembly
Native extension for WindowsStandalone target not found
Refreshing native plugins compatible for Editor in 0.77 ms, found 1 plugins.
Preloading 0 native plugins for Editor in 0.00 ms.
Invoked RoslynAnalysisRunner static constructor.
RoslynAnalysisRunner will not be running.
RoslynAnalysisRunner has terminated.
Mono: successfully reloaded assembly
- Completed reload, in  1.533 seconds
Platform modules already initialized, skipping
Refreshing native plugins compatible for Editor in 0.45 ms, found 1 plugins.
Preloading 0 native plugins for Editor in 0.00 ms.
Unloading 1969 Unused Serialized files (Serialized files now loaded: 0)
System memory in use before: 92.4 MB.
System memory in use after: 92.4 MB.

Unloading 13 unused Assets to reduce memory usage. Loaded Objects now: 2603.
Total: 2.910900 ms (FindLiveObjects: 0.553100 ms CreateObjectMapping: 0.214300 ms MarkObjects: 1.935800 ms  DeleteObjects: 0.205400 ms)

========================================================================
Received Import Request.
  Time since last request: 526.484315 seconds.
  path: Assets/Scripts/OldManDialog.cs
  artifactKey: Guid(770f12f1605be2845b6933e209d04533) Importer(815301076,1909f56bfc062723c751e8b465ee728b)
Start importing Assets/Scripts/OldManDialog.cs using Guid(770f12f1605be2845b6933e209d04533) Importer(815301076,1909f56bfc062723c751e8b465ee728b)  -> (artifact id: 'a5f52bf0c8f0d4b3092ebf22a8d6906c') in 0.011614 seconds
  Import took 0.016035 seconds .

========================================================================
Received Prepare
Registering precompiled user dll's ...
Registered in 0.001883 seconds.
Begin MonoManager ReloadAssembly
Native extension for WindowsStandalone target not found
Refreshing native plugins compatible for Editor in 0.53 ms, found 1 plugins.
Preloading 0 native plugins for Editor in 0.00 ms.
Invoked RoslynAnalysisRunner static constructor.
RoslynAnalysisRunner will not be running.
RoslynAnalysisRunner has terminated.
Mono: successfully reloaded assembly
- Completed reload, in  1.536 seconds
Platform modules already initialized, skipping
Refreshing native plugins compatible for Editor in 0.49 ms, found 1 plugins.
Preloading 0 native plugins for Editor in 0.00 ms.
Unloading 1969 Unused Serialized files (Serialized files now loaded: 0)
System memory in use before: 92.4 MB.
System memory in use after: 92.4 MB.

Unloading 13 unused Assets to reduce memory usage. Loaded Objects now: 2607.
Total: 2.984800 ms (FindLiveObjects: 0.320500 ms CreateObjectMapping: 0.096500 ms MarkObjects: 2.277700 ms  DeleteObjects: 0.287700 ms)

========================================================================
Received Prepare
Registering precompiled user dll's ...
Registered in 0.001984 seconds.
Begin MonoManager ReloadAssembly
Native extension for WindowsStandalone target not found
Refreshing native plugins compatible for Editor in 0.39 ms, found 1 plugins.
Preloading 0 native plugins for Editor in 0.00 ms.
Invoked RoslynAnalysisRunner static constructor.
RoslynAnalysisRunner will not be running.
RoslynAnalysisRunner has terminated.
Mono: successfully reloaded assembly
- Completed reload, in  1.756 seconds
Platform modules already initialized, skipping
Refreshing native plugins compatible for Editor in 0.50 ms, found 1 plugins.
Preloading 0 native plugins for Editor in 0.00 ms.
Unloading 1969 Unused Serialized files (Serialized files now loaded: 0)
System memory in use before: 92.5 MB.
System memory in use after: 92.4 MB.

Unloading 13 unused Assets to reduce memory usage. Loaded Objects now: 2611.
Total: 2.623300 ms (FindLiveObjects: 0.223700 ms CreateObjectMapping: 0.097800 ms MarkObjects: 2.140900 ms  DeleteObjects: 0.159700 ms)

AssetImportWorkerClient::OnTransportError - code=2 error=End of file
